#
# A fatal error has been detected by the Java Runtime Environment:
#
#  SIGSEGV (0xb) at pc=0x00007ba397f8e9f0, pid=53787, tid=53830
#
# JRE version: Java(TM) SE Runtime Environment (23.0.2+7) (build 23.0.2+7-58)
# Java VM: Java HotSpot(TM) 64-Bit Server VM (23.0.2+7-58, mixed mode, sharing, tiered, compressed oops, compressed class ptrs, g1 gc, linux-amd64)
# Problematic frame:
# V  [libjvm.so+0x58e9f0]  PhaseChaitin::gather_lrg_masks(bool) [clone .constprop.0]+0x1e0
#
# Core dump will be written. Default location: Core dumps may be processed with "/usr/share/apport/apport -p%p -s%s -c%c -d%d -P%P -u%u -g%g -- %E" (or dumping to /home/nayere/Downloads/movies/core.53787)
#
# If you would like to submit a bug report, please visit:
#   https://bugreport.java.com/bugreport/crash.jsp
#

---------------  S U M M A R Y ------------

Command Line: -javaagent:/home/nayere/.local/share/JetBrains/Toolbox/apps/intellij-idea-community-edition/lib/idea_rt.jar=38107 -Dfile.encoding=UTF-8 -Dsun.stdout.encoding=UTF-8 -Dsun.stderr.encoding=UTF-8 com.becky.movies.MoviesApplication

Host: Intel(R) Core(TM) i7-7500U CPU @ 2.70GHz, 4 cores, 7G, Ubuntu 22.04.5 LTS
Time: Fri Mar  7 16:52:19 2025 EAT elapsed time: 5.836691 seconds (0d 0h 0m 5s)

---------------  T H R E A D  ---------------

Current thread (0x00007ba2e02b1740):  JavaThread "C2 CompilerThread1" daemon [_thread_in_native, id=53830, stack(0x00007ba371930000,0x00007ba371a30000) (1024K)]


Current CompileTask:
C2:5836 2191       4       java.lang.invoke.MethodType::makeImpl (109 bytes)

Stack: [0x00007ba371930000,0x00007ba371a30000],  sp=0x00007ba371a2c120,  free space=1008k
Native frames: (J=compiled Java code, j=interpreted, Vv=VM code, C=native code)
V  [libjvm.so+0x58e9f0]  PhaseChaitin::gather_lrg_masks(bool) [clone .constprop.0]+0x1e0
V  [libjvm.so+0x59483f]  PhaseChaitin::Register_Allocate()+0x60f
V  [libjvm.so+0x639e70]  Compile::Code_Gen()+0x260
V  [libjvm.so+0x63da6e]  Compile::Compile(ciEnv*, ciMethod*, int, Options, DirectiveSet*)+0x141e
V  [libjvm.so+0x566a29]  C2Compiler::compile_method(ciEnv*, ciMethod*, int, bool, DirectiveSet*)+0x1b9
V  [libjvm.so+0x64343a]  CompileBroker::invoke_compiler_on_method(CompileTask*)+0xafa
V  [libjvm.so+0x646538]  CompileBroker::compiler_thread_loop()+0x498
V  [libjvm.so+0x8e64d8]  JavaThread::thread_main_inner() [clone .part.0]+0xb8
V  [libjvm.so+0xeaab7f]  Thread::call_run()+0x9f
V  [libjvm.so+0xcc6555]  thread_native_entry(Thread*)+0xd5

siginfo: si_signo: 11 (SIGSEGV), si_code: 1 (SEGV_MAPERR), si_addr: 0x00007ba0e06f63f0

Registers:
RAX=0x0000000000000000, RBX=0x0000000000000008, RCX=0x00007ba0e06f63f0, RDX=0x000000000001bcdb
RSP=0x00007ba371a2c120, RBP=0x00007ba371a2c1a0, RSI=0x0000000000000000, RDI=0x0000000000000000
R8 =0x00000000ffffffff, R9 =0x0000000005555454, R10=0x3333333333333333, R11=0x0000000000000000
R12=0x00007ba2bcc9bba8, R13=0x00007ba371a2c5a0, R14=0x0000000000000001, R15=0x00007ba2e4334440
RIP=0x00007ba397f8e9f0, EFLAGS=0x0000000000010246, CSGSFS=0x002b000000000033, ERR=0x0000000000000004
  TRAPNO=0x000000000000000e


Register to memory mapping:

RAX=0x0 is null
RBX=0x0000000000000008 is an unknown value
RCX=0x00007ba0e06f63f0 is an unknown value
RDX=0x000000000001bcdb is an unknown value
RSP=0x00007ba371a2c120 is pointing into the stack for thread: 0x00007ba2e02b1740
RBP=0x00007ba371a2c1a0 is pointing into the stack for thread: 0x00007ba2e02b1740
RSI=0x0 is null
RDI=0x0 is null
R8 =
[error occurred during error reporting (printing register info), id 0xb, SIGSEGV (0xb) at pc=0x00007ba39819454b]
R9 =0x0000000005555454 is an unknown value
R10=0x3333333333333333 is an unknown value
R11=0x0 is null
R12=0x00007ba2bcc9bba8 points into unknown readable memory: 0x0000000000000000 | 00 00 00 00 00 00 00 00
R13=0x00007ba371a2c5a0 is pointing into the stack for thread: 0x00007ba2e02b1740
R14=0x0000000000000001 is an unknown value
R15=0x00007ba2e4334440 points into unknown readable memory: 0x00007ba398d4d008 | 08 d0 d4 98 a3 7b 00 00

Top of Stack: (sp=0x00007ba371a2c120)
0x00007ba371a2c120:   000000000000001e 00000000000004f8
0x00007ba371a2c130:   0000000000000028 0000000571a2c290
0x00007ba371a2c140:   01007ba3ffffffff 00007ba2bcc9fd80
0x00007ba371a2c150:   00007ba2bc70c380 00007ba2e06f6210
0x00007ba371a2c160:   00007ba2e06f63f0 0000000200000002
0x00007ba371a2c170:   00007ba2e4001250 00007ba371a2c5a0
0x00007ba371a2c180:   00007ba371a2c260 00007ba371a2c390
0x00007ba371a2c190:   00007ba2e4001250 00007ba371a2c330
0x00007ba371a2c1a0:   00007ba371a2c480 00007ba397f9483f
0x00007ba371a2c1b0:   0000000000000000 00007ba3990a462b
0x00007ba371a2c1c0:   00007ba371a2c230 00000000000003d8
0x00007ba371a2c1d0:   00007ba2e4001250 00007ba2e4001260
0x00007ba371a2c1e0:   00007ba371a2c290 00007ba2e4001638
0x00007ba371a2c1f0:   00007ba371a2c2d0 00007ba2e4001260
0x00007ba371a2c200:   00007ba371a2c260 00007ba2e4001250
0x00007ba371a2c210:   00007ba2e4001260 00007ba2e4001638
0x00007ba371a2c220:   00000000000003d8 000000000000000b
0x00007ba371a2c230:   0000000100000007 00007ba2e0000e20
0x00007ba371a2c240:   00007ba2e0000e20 00007ba2e0000e30
0x00007ba371a2c250:   00007ba2e0001208 00000000000003d8
0x00007ba371a2c260:   000000010000b307 00007ba2e4001250
0x00007ba371a2c270:   00007ba2a42461b0 00007ba2a424e050
0x00007ba371a2c280:   00007ba2a424e198 000000000040e9b8
0x00007ba371a2c290:   00007ba20000000c 00007ba371a2da80
0x00007ba371a2c2a0:   00007ba2bc99f6a0 00007ba371a2c200
0x00007ba371a2c2b0:   00007ba2bcbbd4d0 00007ba300001d37
0x00007ba371a2c2c0:   00007ba371a2c260 00007ba2e4001260
0x00007ba371a2c2d0:   00007ba398d38660 000000000000000d
0x00007ba371a2c2e0:   00007ba371a2da80 00007ba371a2c5a0
0x00007ba371a2c2f0:   00007ba300002f9d 00007ba397e08fda
0x00007ba371a2c300:   00007ba2e02b1ea0 00007ba371a2c500
0x00007ba371a2c310:   00007ba2deadbeef 00007ba371a2c9d0 

Instructions: (pc=0x00007ba397f8e9f0)
0x00007ba397f8e8f0:   45 a7 01 41 89 c6 49 63 55 28 49 8b 87 08 01 00
0x00007ba397f8e900:   00 8b 04 90 49 8b 57 70 48 8b 4a 20 49 8b 55 00
0x00007ba397f8e910:   85 c0 0f 85 c2 03 00 00 41 8b 45 18 48 8d 1d ed
0x00007ba397f8e920:   1f dc ff 89 45 cc 48 8b 82 b8 00 00 00 48 39 d8
0x00007ba397f8e930:   0f 85 f2 06 00 00 41 b8 ff ff ff ff 8b 45 cc 44
0x00007ba397f8e940:   89 f3 48 c1 e3 03 41 39 c6 0f 83 3f 02 00 00 44
0x00007ba397f8e950:   89 45 a0 4c 89 f8 4d 89 ef 49 89 c5 0f 1f 40 00
0x00007ba397f8e960:   49 8b 47 08 48 8b 04 18 48 63 50 28 49 8b 85 08
0x00007ba397f8e970:   01 00 00 44 8b 24 90 45 85 e4 0f 84 f9 01 00 00
0x00007ba397f8e980:   44 39 75 a0 75 0c 49 8b 07 4c 89 ff ff 90 e0 00
0x00007ba397f8e990:   00 00 80 7d a7 00 74 18 41 80 bd 18 01 00 00 00
0x00007ba397f8e9a0:   74 0e 41 0f b7 47 36 41 39 c6 0f 83 c9 01 00 00
0x00007ba397f8e9b0:   49 8b 45 70 4b 8d 14 a4 44 89 f6 4c 89 ff 49 8d
0x00007ba397f8e9c0:   14 94 48 8b 40 20 4c 8d 24 d0 49 8b 07 ff 90 88
0x00007ba397f8e9d0:   00 00 00 41 8b b4 24 94 00 00 00 48 89 c1 41 8b
0x00007ba397f8e9e0:   84 24 90 00 00 00 39 c6 0f 82 b8 00 00 00 89 c7
0x00007ba397f8e9f0:   4c 8b 1c f9 4d 21 5c fc 38 8d 78 01 39 fe 0f 82
0x00007ba397f8ea00:   a2 00 00 00 4c 8b 1c f9 4d 21 5c fc 38 8d 78 02
0x00007ba397f8ea10:   39 fe 0f 82 8e 00 00 00 4c 8b 1c f9 4d 21 5c fc
0x00007ba397f8ea20:   38 8d 78 03 39 fe 72 7e 4c 8b 1c f9 4d 21 5c fc
0x00007ba397f8ea30:   38 8d 78 04 39 fe 72 6e 4c 8b 1c f9 4d 21 5c fc
0x00007ba397f8ea40:   38 8d 78 05 39 fe 72 5e 4c 8b 1c f9 4d 21 5c fc
0x00007ba397f8ea50:   38 8d 78 06 39 fe 72 4e 4c 8b 1c f9 4d 21 5c fc
0x00007ba397f8ea60:   38 8d 78 07 39 fe 72 3e 4c 8b 1c f9 4d 21 5c fc
0x00007ba397f8ea70:   38 8d 78 08 39 fe 72 2e 4c 8b 1c f9 4d 21 5c fc
0x00007ba397f8ea80:   38 8d 78 09 39 fe 72 1e 4c 8b 1c f9 4d 21 5c fc
0x00007ba397f8ea90:   38 8d 78 0a 39 fe 72 0e 4d 8b 5c fc 38 4c 23 1c
0x00007ba397f8eaa0:   f9 4d 89 5c fc 38 8b 79 58 39 f8 73 08 41 89 bc
0x00007ba397f8eab0:   24 90 00 00 00 8b 41 5c 39 f0 73 08 41 89 84 24
0x00007ba397f8eac0:   94 00 00 00 49 8d 44 24 38 48 89 4d b8 48 89 45
0x00007ba397f8ead0:   a8 49 8b 47 08 48 8b 3c 18 48 8b 07 ff 50 70 89
0x00007ba397f8eae0:   c7 89 45 c8 e8 d7 a2 7c 00 8b 75 c8 49 8d 7c 24 


Stack slot to memory mapping:

stack at sp + 0 slots: 0x000000000000001e is an unknown value
stack at sp + 1 slots: 0x00000000000004f8 is an unknown value
stack at sp + 2 slots: 0x0000000000000028 is an unknown value
stack at sp + 3 slots: 0x0000000571a2c290 is an unknown value
stack at sp + 4 slots: 0x01007ba3ffffffff is an unknown value
stack at sp + 5 slots: 0x00007ba2bcc9fd80 points into unknown readable memory: 0x0000000005555455 | 55 54 55 05 00 00 00 00
stack at sp + 6 slots: 0x00007ba2bc70c380 points into unknown readable memory: 0x00007ba398d31468 | 68 14 d3 98 a3 7b 00 00
stack at sp + 7 slots: 0x00007ba2e06f6210 points into unknown readable memory: 0x0001000105555455 | 55 54 55 05 01 00 01 00

Lock stack of current Java thread (top to bottom):


---------------  P R O C E S S  ---------------

Threads class SMR info:
_java_thread_list=0x00007ba2b0ab4430, length=18, elements={
0x00007ba39002cce0, 0x00007ba39014a530, 0x00007ba39014baa0, 0x00007ba39014d2b0,
0x00007ba39014e8f0, 0x00007ba39014fe90, 0x00007ba3901519b0, 0x00007ba3901530c0,
0x00007ba390164410, 0x00007ba390370760, 0x00007ba3903720d0, 0x00007ba2e02b1740,
0x00007ba3905d76a0, 0x00007ba2b4002550, 0x00007ba2b0949150, 0x00007ba2a42bc570,
0x00007ba2b0954400, 0x00007ba2b0ab34f0
}

Java Threads: ( => current thread )
  0x00007ba39002cce0 JavaThread "main"                              [_thread_blocked, id=53788, stack(0x00007ba398f00000,0x00007ba399000000) (1024K)]
  0x00007ba39014a530 JavaThread "Reference Handler"          daemon [_thread_blocked, id=53801, stack(0x00007ba394075000,0x00007ba394175000) (1024K)]
  0x00007ba39014baa0 JavaThread "Finalizer"                  daemon [_thread_blocked, id=53802, stack(0x00007ba378100000,0x00007ba378200000) (1024K)]
  0x00007ba39014d2b0 JavaThread "Signal Dispatcher"          daemon [_thread_blocked, id=53803, stack(0x00007ba378000000,0x00007ba378100000) (1024K)]
  0x00007ba39014e8f0 JavaThread "Service Thread"             daemon [_thread_blocked, id=53805, stack(0x00007ba371f00000,0x00007ba372000000) (1024K)]
  0x00007ba39014fe90 JavaThread "Monitor Deflation Thread"   daemon [_thread_blocked, id=53806, stack(0x00007ba371e00000,0x00007ba371f00000) (1024K)]
  0x00007ba3901519b0 JavaThread "C2 CompilerThread0"         daemon [_thread_blocked, id=53808, stack(0x00007ba371d00000,0x00007ba371e00000) (1024K)]
  0x00007ba3901530c0 JavaThread "C1 CompilerThread0"         daemon [_thread_blocked, id=53809, stack(0x00007ba371c00000,0x00007ba371d00000) (1024K)]
  0x00007ba390164410 JavaThread "Common-Cleaner"             daemon [_thread_blocked, id=53812, stack(0x00007ba371a30000,0x00007ba371b30000) (1024K)]
  0x00007ba390370760 JavaThread "Monitor Ctrl-Break"         daemon [_thread_in_native, id=53817, stack(0x00007ba371830000,0x00007ba371930000) (1024K)]
  0x00007ba3903720d0 JavaThread "Notification Thread"        daemon [_thread_blocked, id=53818, stack(0x00007ba371730000,0x00007ba371830000) (1024K)]
=>0x00007ba2e02b1740 JavaThread "C2 CompilerThread1"         daemon [_thread_in_native, id=53830, stack(0x00007ba371930000,0x00007ba371a30000) (1024K)]
  0x00007ba3905d76a0 JavaThread "Thread-0"                          [_thread_blocked, id=53841, stack(0x00007ba37142e000,0x00007ba37152e000) (1024K)]
  0x00007ba2b4002550 JavaThread "restartedMain"                     [_thread_in_Java, id=53842, stack(0x00007ba37132e000,0x00007ba37142e000) (1024K)]
  0x00007ba2b0949150 JavaThread "Catalina-utility-1"                [_thread_blocked, id=53885, stack(0x00007ba37112d000,0x00007ba37122d000) (1024K)]
  0x00007ba2a42bc570 JavaThread "Catalina-utility-2"                [_thread_blocked, id=53886, stack(0x00007ba37102d000,0x00007ba37112d000) (1024K)]
  0x00007ba2b0954400 JavaThread "container-0"                       [_thread_blocked, id=53887, stack(0x00007ba370f2d000,0x00007ba37102d000) (1024K)]
  0x00007ba2b0ab34f0 JavaThread "BufferPoolPruner-1-thread-1" daemon [_thread_blocked, id=53929, stack(0x00007ba370b00000,0x00007ba370c00000) (1024K)]
Total: 18

Other Threads:
  0x00007ba39013f8c0 VMThread "VM Thread"                           [id=53797, stack(0x00007ba394176000,0x00007ba394276000) (1024K)]
  0x00007ba39012dc00 WatcherThread "VM Periodic Task Thread"        [id=53795, stack(0x00007ba394277000,0x00007ba394377000) (1024K)]
  0x00007ba3900835c0 WorkerThread "GC Thread#0"                     [id=53789, stack(0x00007ba396b00000,0x00007ba396c00000) (1024K)]
  0x00007ba3080072f0 WorkerThread "GC Thread#1"                     [id=53827, stack(0x00007ba371630000,0x00007ba371730000) (1024K)]
  0x00007ba308007b60 WorkerThread "GC Thread#2"                     [id=53828, stack(0x00007ba37152f000,0x00007ba37162f000) (1024K)]
  0x00007ba3080093a0 WorkerThread "GC Thread#3"                     [id=53853, stack(0x00007ba37122e000,0x00007ba37132e000) (1024K)]
  0x00007ba390097e10 ConcurrentGCThread "G1 Main Marker"            [id=53790, stack(0x00007ba394b00000,0x00007ba394c00000) (1024K)]
  0x00007ba390098db0 WorkerThread "G1 Conc#0"                       [id=53791, stack(0x00007ba3949ff000,0x00007ba394aff000) (1024K)]
  0x00007ba39011a6b0 ConcurrentGCThread "G1 Refine#0"               [id=53792, stack(0x00007ba3944fa000,0x00007ba3945fa000) (1024K)]
  0x00007ba39011b670 ConcurrentGCThread "G1 Service"                [id=53793, stack(0x00007ba3943f9000,0x00007ba3944f9000) (1024K)]
Total: 10

Threads with active compile tasks:
C2 CompilerThread1  6785 2191       4       java.lang.invoke.MethodType::makeImpl (109 bytes)
Total: 1

VM state: not at safepoint (normal execution)

VM Mutex/Monitor currently owned by a thread: None

Heap address: 0x0000000085a00000, size: 1958 MB, Compressed Oops mode: 32-bit

CDS archive(s) mapped at: [0x00007ba31a000000-0x00007ba31ad91000-0x00007ba31ad91000), size 14225408, SharedBaseAddress: 0x00007ba31a000000, ArchiveRelocationMode: 1.
Compressed class space mapped at: 0x00007ba31b000000-0x00007ba35b000000, reserved size: 1073741824
Narrow klass base: 0x00007ba31a000000, Narrow klass shift: 0, Narrow klass range: 0x100000000

GC Precious Log:
 CardTable entry size: 512
 Card Set container configuration: InlinePtr #cards 5 size 8 Array Of Cards #cards 10 size 36 Howl #buckets 4 coarsen threshold 1843 Howl Bitmap #cards 512 size 80 coarsen threshold 460 Card regions per heap region 1 cards per card region 2048
 CPUs: 4 total, 4 available
 Memory: 7831M
 Large Page Support: Disabled
 NUMA Support: Disabled
 Compressed Oops: Enabled (32-bit)
 Heap Region Size: 1M
 Heap Min Capacity: 8M
 Heap Initial Capacity: 124M
 Heap Max Capacity: 1958M
 Pre-touch: Disabled
 Parallel Workers: 4
 Concurrent Workers: 1
 Concurrent Refinement Workers: 4
 Periodic GC: Disabled

Heap:
 garbage-first heap   total reserved 2004992K, committed 45056K, used 26221K [0x0000000085a00000, 0x0000000100000000)
  region size 1024K, 14 young (14336K), 3 survivors (3072K)
 Metaspace       used 32120K, committed 32576K, reserved 1114112K
  class space    used 4169K, committed 4352K, reserved 1048576K

Heap Regions: E=young(eden), S=young(survivor), O=old, HS=humongous(starts), HC=humongous(continues), CS=collection set, F=free, TAMS=top-at-mark-start, PB=parsable bottom
|   0|0x0000000085a00000, 0x0000000085b00000, 0x0000000085b00000|100%| O|  |TAMS 0x0000000085a00000| PB 0x0000000085a00000| Untracked |  0
|   1|0x0000000085b00000, 0x0000000085c00000, 0x0000000085c00000|100%| O|  |TAMS 0x0000000085b00000| PB 0x0000000085b00000| Untracked |  0
|   2|0x0000000085c00000, 0x0000000085d00000, 0x0000000085d00000|100%| O|  |TAMS 0x0000000085c00000| PB 0x0000000085c00000| Untracked |  0
|   3|0x0000000085d00000, 0x0000000085e00000, 0x0000000085e00000|100%| O|  |TAMS 0x0000000085d00000| PB 0x0000000085d00000| Untracked |  0
|   4|0x0000000085e00000, 0x0000000085f00000, 0x0000000085f00000|100%| O|  |TAMS 0x0000000085e00000| PB 0x0000000085e00000| Untracked |  0
|   5|0x0000000085f00000, 0x0000000086000000, 0x0000000086000000|100%| O|  |TAMS 0x0000000085f00000| PB 0x0000000085f00000| Untracked |  0
|   6|0x0000000086000000, 0x00000000860faf78, 0x0000000086100000| 98%| O|  |TAMS 0x0000000086000000| PB 0x0000000086000000| Untracked |  0
|   7|0x0000000086100000, 0x0000000086200000, 0x0000000086200000|100%| O|  |TAMS 0x0000000086100000| PB 0x0000000086100000| Untracked |  0
|   8|0x0000000086200000, 0x0000000086300000, 0x0000000086300000|100%| O|  |TAMS 0x0000000086200000| PB 0x0000000086200000| Untracked |  0
|   9|0x0000000086300000, 0x0000000086400000, 0x0000000086400000|100%| O|  |TAMS 0x0000000086300000| PB 0x0000000086300000| Untracked |  0
|  10|0x0000000086400000, 0x0000000086500000, 0x0000000086500000|100%| O|  |TAMS 0x0000000086400000| PB 0x0000000086400000| Untracked |  0
|  11|0x0000000086500000, 0x0000000086600000, 0x0000000086600000|100%| O|  |TAMS 0x0000000086500000| PB 0x0000000086500000| Untracked |  0
|  12|0x0000000086600000, 0x0000000086660378, 0x0000000086700000| 37%| O|  |TAMS 0x0000000086600000| PB 0x0000000086600000| Untracked |  0
|  13|0x0000000086700000, 0x0000000086700000, 0x0000000086800000|  0%| F|  |TAMS 0x0000000086700000| PB 0x0000000086700000| Untracked |  0
|  14|0x0000000086800000, 0x0000000086800000, 0x0000000086900000|  0%| F|  |TAMS 0x0000000086800000| PB 0x0000000086800000| Untracked |  0
|  15|0x0000000086900000, 0x0000000086900000, 0x0000000086a00000|  0%| F|  |TAMS 0x0000000086900000| PB 0x0000000086900000| Untracked |  0
|  16|0x0000000086a00000, 0x0000000086a00000, 0x0000000086b00000|  0%| F|  |TAMS 0x0000000086a00000| PB 0x0000000086a00000| Untracked |  0
|  17|0x0000000086b00000, 0x0000000086b00000, 0x0000000086c00000|  0%| F|  |TAMS 0x0000000086b00000| PB 0x0000000086b00000| Untracked |  0
|  18|0x0000000086c00000, 0x0000000086c00000, 0x0000000086d00000|  0%| F|  |TAMS 0x0000000086c00000| PB 0x0000000086c00000| Untracked |  0
|  19|0x0000000086d00000, 0x0000000086d401f0, 0x0000000086e00000| 25%| S|CS|TAMS 0x0000000086d00000| PB 0x0000000086d00000| Complete |  0
|  20|0x0000000086e00000, 0x0000000086f00000, 0x0000000086f00000|100%| S|CS|TAMS 0x0000000086e00000| PB 0x0000000086e00000| Complete |  0
|  21|0x0000000086f00000, 0x0000000087000000, 0x0000000087000000|100%| S|CS|TAMS 0x0000000086f00000| PB 0x0000000086f00000| Complete |  0
|  22|0x0000000087000000, 0x0000000087000000, 0x0000000087100000|  0%| F|  |TAMS 0x0000000087000000| PB 0x0000000087000000| Untracked |  0
|  23|0x0000000087100000, 0x0000000087100000, 0x0000000087200000|  0%| F|  |TAMS 0x0000000087100000| PB 0x0000000087100000| Untracked |  0
|  24|0x0000000087200000, 0x0000000087200000, 0x0000000087300000|  0%| F|  |TAMS 0x0000000087200000| PB 0x0000000087200000| Untracked |  0
|  25|0x0000000087300000, 0x0000000087300000, 0x0000000087400000|  0%| F|  |TAMS 0x0000000087300000| PB 0x0000000087300000| Untracked |  0
|  26|0x0000000087400000, 0x0000000087400000, 0x0000000087500000|  0%| F|  |TAMS 0x0000000087400000| PB 0x0000000087400000| Untracked |  0
|  27|0x0000000087500000, 0x0000000087500000, 0x0000000087600000|  0%| F|  |TAMS 0x0000000087500000| PB 0x0000000087500000| Untracked |  0
|  28|0x0000000087600000, 0x0000000087600000, 0x0000000087700000|  0%| F|  |TAMS 0x0000000087600000| PB 0x0000000087600000| Untracked |  0
|  29|0x0000000087700000, 0x0000000087700000, 0x0000000087800000|  0%| F|  |TAMS 0x0000000087700000| PB 0x0000000087700000| Untracked |  0
|  30|0x0000000087800000, 0x0000000087800000, 0x0000000087900000|  0%| F|  |TAMS 0x0000000087800000| PB 0x0000000087800000| Untracked |  0
|  31|0x0000000087900000, 0x0000000087900000, 0x0000000087a00000|  0%| F|  |TAMS 0x0000000087900000| PB 0x0000000087900000| Untracked |  0
|  32|0x0000000087a00000, 0x0000000087a55700, 0x0000000087b00000| 33%| E|  |TAMS 0x0000000087a00000| PB 0x0000000087a00000| Complete |  0
|  33|0x0000000087b00000, 0x0000000087c00000, 0x0000000087c00000|100%| E|CS|TAMS 0x0000000087b00000| PB 0x0000000087b00000| Complete |  0
|  34|0x0000000087c00000, 0x0000000087d00000, 0x0000000087d00000|100%| E|CS|TAMS 0x0000000087c00000| PB 0x0000000087c00000| Complete |  0
|  35|0x0000000087d00000, 0x0000000087e00000, 0x0000000087e00000|100%| E|CS|TAMS 0x0000000087d00000| PB 0x0000000087d00000| Complete |  0
|  36|0x0000000087e00000, 0x0000000087f00000, 0x0000000087f00000|100%| E|CS|TAMS 0x0000000087e00000| PB 0x0000000087e00000| Complete |  0
| 118|0x000000008d000000, 0x000000008d100000, 0x000000008d100000|100%| E|CS|TAMS 0x000000008d000000| PB 0x000000008d000000| Complete |  0
| 119|0x000000008d100000, 0x000000008d200000, 0x000000008d200000|100%| E|CS|TAMS 0x000000008d100000| PB 0x000000008d100000| Complete |  0
| 120|0x000000008d200000, 0x000000008d300000, 0x000000008d300000|100%| E|CS|TAMS 0x000000008d200000| PB 0x000000008d200000| Complete |  0
| 121|0x000000008d300000, 0x000000008d400000, 0x000000008d400000|100%| E|CS|TAMS 0x000000008d300000| PB 0x000000008d300000| Complete |  0
| 123|0x000000008d500000, 0x000000008d600000, 0x000000008d600000|100%| E|CS|TAMS 0x000000008d500000| PB 0x000000008d500000| Complete |  0
|1956|0x00000000ffe00000, 0x00000000fff00000, 0x00000000fff00000|100%| O|  |TAMS 0x00000000ffe00000| PB 0x00000000ffe00000| Untracked |  0
|1957|0x00000000fff00000, 0x0000000100000000, 0x0000000100000000|100%| E|CS|TAMS 0x00000000fff00000| PB 0x00000000fff00000| Complete |  0

Card table byte_map: [0x00007ba396c00000,0x00007ba396fd3000] _byte_map_base: 0x00007ba3967d3000

Marking Bits: (CMBitMap*) 0x00007ba3900840f0
 Bits: [0x00007ba394c00000, 0x00007ba396a98000)

Polling page: 0x00007ba3993fd000

Metaspace:

Usage:
  Non-class:     27.30 MB used.
      Class:      4.07 MB used.
       Both:     31.37 MB used.

Virtual space:
  Non-class space:       64.00 MB reserved,      27.56 MB ( 43%) committed,  1 nodes.
      Class space:        1.00 GB reserved,       4.25 MB ( <1%) committed,  1 nodes.
             Both:        1.06 GB reserved,      31.81 MB (  3%) committed. 

Chunk freelists:
   Non-Class:  4.08 MB
       Class:  11.75 MB
        Both:  15.83 MB

MaxMetaspaceSize: unlimited
CompressedClassSpaceSize: 1.00 GB
Initial GC threshold: 21.00 MB
Current GC threshold: 35.31 MB
CDS: on
 - commit_granule_bytes: 65536.
 - commit_granule_words: 8192.
 - virtual_space_node_default_size: 8388608.
 - enlarge_chunks_in_place: 1.
 - use_allocation_guard: 0.


Internal statistics:

num_allocs_failed_limit: 3.
num_arena_births: 660.
num_arena_deaths: 0.
num_vsnodes_births: 2.
num_vsnodes_deaths: 0.
num_space_committed: 509.
num_space_uncommitted: 0.
num_chunks_returned_to_freelist: 3.
num_chunks_taken_from_freelist: 1868.
num_chunk_merges: 3.
num_chunk_splits: 1201.
num_chunks_enlarged: 822.
num_inconsistent_stats: 0.

CodeHeap 'non-profiled nmethods': size=120036Kb used=1366Kb max_used=1366Kb free=118669Kb
 bounds [0x00007ba3802c7000, 0x00007ba380537000, 0x00007ba387800000]
CodeHeap 'profiled nmethods': size=120028Kb used=5730Kb max_used=5730Kb free=114298Kb
 bounds [0x00007ba378800000, 0x00007ba378da0000, 0x00007ba37fd37000]
CodeHeap 'non-nmethods': size=5696Kb used=1468Kb max_used=1521Kb free=4227Kb
 bounds [0x00007ba37fd37000, 0x00007ba37ffa7000, 0x00007ba3802c7000]
CodeCache: size=245760Kb, used=8564Kb, max_used=8617Kb, free=237194Kb
 total_blobs=4748, nmethods=4175, adapters=479, full_count=0
Compilation: enabled, stopped_count=0, restarted_count=0

Compilation events (20 events):
Event: 3.723 Thread 0x00007ba3901530c0 nmethod 2641 0x00007ba378b5cf88 code [0x00007ba378b5d0c0, 0x00007ba378b5d220]
Event: 3.724 Thread 0x00007ba3901530c0 2644       2       jdk.internal.loader.BuiltinClassLoader::checkURL (5 bytes)
Event: 3.724 Thread 0x00007ba3901530c0 nmethod 2644 0x00007ba378b5d288 code [0x00007ba378b5d3a0, 0x00007ba378b5d4e8]
Event: 3.725 Thread 0x00007ba3901530c0 2645       2       java.lang.Class::privateGetDeclaredConstructors (79 bytes)
Event: 3.725 Thread 0x00007ba3901530c0 nmethod 2645 0x00007ba378b5d588 code [0x00007ba378b5d6e0, 0x00007ba378b5da70]
Event: 3.726 Thread 0x00007ba3901530c0 2646       2       java.util.ArrayDeque::push (6 bytes)
Event: 3.726 Thread 0x00007ba3901530c0 nmethod 2646 0x00007ba378b5da88 code [0x00007ba378b5dba0, 0x00007ba378b5dcc0]
Event: 3.727 Thread 0x00007ba3901530c0 2647       2       java.util.Collections$UnmodifiableCollection::contains (11 bytes)
Event: 3.728 Thread 0x00007ba3901530c0 nmethod 2647 0x00007ba378b5dd88 code [0x00007ba378b5dea0, 0x00007ba378b5dfd0]
Event: 3.728 Thread 0x00007ba3901530c0 2648       2       org.springframework.core.annotation.MergedAnnotation::missing (4 bytes)
Event: 3.728 Thread 0x00007ba3901530c0 nmethod 2648 0x00007ba378b5e088 code [0x00007ba378b5e1a0, 0x00007ba378b5e288]
Event: 3.728 Thread 0x00007ba3901530c0 2649       2       org.springframework.core.annotation.MergedAnnotation$Adapt::addIfTrue (13 bytes)
Event: 3.729 Thread 0x00007ba3901530c0 nmethod 2649 0x00007ba378b5e388 code [0x00007ba378b5e4a0, 0x00007ba378b5e5b0]
Event: 3.729 Thread 0x00007ba3901530c0 2650       2       org.springframework.core.type.AnnotatedTypeMetadata::getAnnotationAttributes (40 bytes)
Event: 3.730 Thread 0x00007ba3901530c0 nmethod 2650 0x00007ba378b5e688 code [0x00007ba378b5e820, 0x00007ba378b5ebf0]
Event: 3.732 Thread 0x00007ba3901530c0 2654       2       org.springframework.asm.AnnotationVisitor::<init> (7 bytes)
Event: 3.733 Thread 0x00007ba3901530c0 nmethod 2654 0x00007ba378b5ec88 code [0x00007ba378b5eda0, 0x00007ba378b5eec8]
Event: 3.733 Thread 0x00007ba3901530c0 2655       2       org.springframework.asm.AnnotationVisitor::<init> (71 bytes)
Event: 3.733 Thread 0x00007ba3901530c0 nmethod 2655 0x00007ba378b5ef88 code [0x00007ba378b5f0c0, 0x00007ba378b5f378]
Event: 3.733 Thread 0x00007ba3901530c0 2653   !   2       sun.net.www.ParseUtil::decode (349 bytes)

GC Heap History (6 events):
Event: 1.606 GC heap before
{Heap before GC invocations=0 (full 0):
 garbage-first heap   total reserved 2004992K, committed 129024K, used 14459K [0x0000000085a00000, 0x0000000100000000)
  region size 1024K, 14 young (14336K), 0 survivors (0K)
 Metaspace       used 4670K, committed 4864K, reserved 1114112K
  class space    used 546K, committed 640K, reserved 1048576K
}
Event: 1.630 GC heap after
{Heap after GC invocations=1 (full 0):
 garbage-first heap   total reserved 2004992K, committed 129024K, used 5275K [0x0000000085a00000, 0x0000000100000000)
  region size 1024K, 2 young (2048K), 2 survivors (2048K)
 Metaspace       used 4670K, committed 4864K, reserved 1114112K
  class space    used 546K, committed 640K, reserved 1048576K
}
Event: 2.161 GC heap before
{Heap before GC invocations=1 (full 0):
 garbage-first heap   total reserved 2004992K, committed 129024K, used 16539K [0x0000000085a00000, 0x0000000100000000)
  region size 1024K, 13 young (13312K), 2 survivors (2048K)
 Metaspace       used 7690K, committed 8000K, reserved 1114112K
  class space    used 929K, committed 1088K, reserved 1048576K
}
Event: 2.167 GC heap after
{Heap after GC invocations=2 (full 0):
 garbage-first heap   total reserved 2004992K, committed 129024K, used 6142K [0x0000000085a00000, 0x0000000100000000)
  region size 1024K, 1 young (1024K), 1 survivors (1024K)
 Metaspace       used 7690K, committed 8000K, reserved 1114112K
  class space    used 929K, committed 1088K, reserved 1048576K
}
Event: 3.112 GC heap before
{Heap before GC invocations=2 (full 0):
 garbage-first heap   total reserved 2004992K, committed 129024K, used 36862K [0x0000000085a00000, 0x0000000100000000)
  region size 1024K, 32 young (32768K), 1 survivors (1024K)
 Metaspace       used 15711K, committed 16064K, reserved 1114112K
  class space    used 1966K, committed 2112K, reserved 1048576K
}
Event: 3.121 GC heap after
{Heap after GC invocations=3 (full 0):
 garbage-first heap   total reserved 2004992K, committed 129024K, used 8411K [0x0000000085a00000, 0x0000000100000000)
  region size 1024K, 4 young (4096K), 4 survivors (4096K)
 Metaspace       used 15711K, committed 16064K, reserved 1114112K
  class space    used 1966K, committed 2112K, reserved 1048576K
}

Dll operation events (12 events):
Event: 0.011 Loaded shared library /usr/lib/jvm/jdk-23.0.2-oracle-x64/lib/libjava.so
Event: 0.093 Loaded shared library /usr/lib/jvm/jdk-23.0.2-oracle-x64/lib/libsimdsort.so
Event: 0.096 Loaded shared library /usr/lib/jvm/jdk-23.0.2-oracle-x64/lib/libjsvml.so
Event: 0.337 Loaded shared library /usr/lib/jvm/jdk-23.0.2-oracle-x64/lib/libzip.so
Event: 0.347 Loaded shared library /usr/lib/jvm/jdk-23.0.2-oracle-x64/lib/libinstrument.so
Event: 0.359 Loaded shared library /usr/lib/jvm/jdk-23.0.2-oracle-x64/lib/libnio.so
Event: 0.374 Loaded shared library /usr/lib/jvm/jdk-23.0.2-oracle-x64/lib/libzip.so
Event: 0.558 Loaded shared library /usr/lib/jvm/jdk-23.0.2-oracle-x64/lib/libnet.so
Event: 0.570 Loaded shared library /usr/lib/jvm/jdk-23.0.2-oracle-x64/lib/libextnet.so
Event: 0.699 Loaded shared library /usr/lib/jvm/jdk-23.0.2-oracle-x64/lib/libjimage.so
Event: 1.712 Loaded shared library /usr/lib/jvm/jdk-23.0.2-oracle-x64/lib/libmanagement.so
Event: 1.714 Loaded shared library /usr/lib/jvm/jdk-23.0.2-oracle-x64/lib/libmanagement_ext.so

Deoptimization events (20 events):
Event: 3.250 Thread 0x00007ba2b01325a0 DEOPT PACKING pc=0x00007ba380375ff0 sp=0x00007ba37122ad50
Event: 3.250 Thread 0x00007ba2b01325a0 DEOPT UNPACKING pc=0x00007ba37fd8abf9 sp=0x00007ba37122ad38 mode 2
Event: 3.279 Thread 0x00007ba2b01325a0 Uncommon trap: trap_request=0xffffff45 fr.pc=0x00007ba380357998 relative=0x00000000000004d8
Event: 3.279 Thread 0x00007ba2b01325a0 Uncommon trap: reason=unstable_if action=reinterpret pc=0x00007ba380357998 method=java.lang.AbstractStringBuilder.isLatin1()Z @ 10 c2
Event: 3.279 Thread 0x00007ba2b01325a0 DEOPT PACKING pc=0x00007ba380357998 sp=0x00007ba37122a4c0
Event: 3.279 Thread 0x00007ba2b01325a0 DEOPT UNPACKING pc=0x00007ba37fd8abf9 sp=0x00007ba37122a418 mode 2
Event: 3.389 Thread 0x00007ba2b01325a0 Uncommon trap: trap_request=0xffffffc6 fr.pc=0x00007ba380369f68 relative=0x0000000000000308
Event: 3.389 Thread 0x00007ba2b01325a0 Uncommon trap: reason=bimorphic_or_optimized_type_check action=maybe_recompile pc=0x00007ba380369f68 method=java.util.HashMap.getNode(Ljava/lang/Object;)Ljava/util/HashMap$Node; @ 128 c2
Event: 3.389 Thread 0x00007ba2b01325a0 DEOPT PACKING pc=0x00007ba380369f68 sp=0x00007ba371229fc0
Event: 3.389 Thread 0x00007ba2b01325a0 DEOPT UNPACKING pc=0x00007ba37fd8abf9 sp=0x00007ba371229ef8 mode 2
Event: 3.390 Thread 0x00007ba2b01325a0 Uncommon trap: trap_request=0xffffffc6 fr.pc=0x00007ba380344e7c relative=0x000000000000037c
Event: 3.390 Thread 0x00007ba2b01325a0 Uncommon trap: reason=bimorphic_or_optimized_type_check action=maybe_recompile pc=0x00007ba380344e7c method=java.util.HashMap.getNode(Ljava/lang/Object;)Ljava/util/HashMap$Node; @ 128 c2
Event: 3.390 Thread 0x00007ba2b01325a0 DEOPT PACKING pc=0x00007ba380344e7c sp=0x00007ba371229f50
Event: 3.390 Thread 0x00007ba2b01325a0 DEOPT UNPACKING pc=0x00007ba37fd8abf9 sp=0x00007ba371229ef8 mode 2
Event: 3.460 Thread 0x00007ba2b4002550 Uncommon trap: trap_request=0xffffff45 fr.pc=0x00007ba380379eb4 relative=0x0000000000000094
Event: 3.463 Thread 0x00007ba2b4002550 Uncommon trap: reason=unstable_if action=reinterpret pc=0x00007ba380379eb4 method=java.lang.ref.ReferenceQueue.poll()Ljava/lang/ref/Reference; @ 4 c2
Event: 3.463 Thread 0x00007ba2b4002550 DEOPT PACKING pc=0x00007ba380379eb4 sp=0x00007ba37142b6c0
Event: 3.463 Thread 0x00007ba2b4002550 DEOPT UNPACKING pc=0x00007ba37fd8abf9 sp=0x00007ba37142b5c8 mode 2
Event: 3.579 Thread 0x00007ba2b4002550 DEOPT PACKING pc=0x00007ba378b2e44b sp=0x00007ba37142b280
Event: 3.580 Thread 0x00007ba2b4002550 DEOPT UNPACKING pc=0x00007ba37fd8b30f sp=0x00007ba37142a710 mode 0

Classes loaded (20 events):
Event: 3.434 Loading class java/security/AuthProvider
Event: 3.434 Loading class java/security/AuthProvider done
Event: 3.434 Loading class java/security/PrivilegedActionException
Event: 3.435 Loading class java/security/PrivilegedActionException done
Event: 3.438 Loading class javax/security/auth/login/FailedLoginException
Event: 3.438 Loading class javax/security/auth/login/FailedLoginException done
Event: 3.439 Loading class javax/security/auth/Subject
Event: 3.440 Loading class javax/security/auth/Subject done
Event: 3.440 Loading class javax/security/auth/callback/CallbackHandler
Event: 3.440 Loading class javax/security/auth/callback/CallbackHandler done
Event: 3.446 Loading class com/sun/security/sasl/Provider
Event: 3.446 Loading class com/sun/security/sasl/Provider done
Event: 3.452 Loading class com/sun/security/sasl/Provider$1
Event: 3.452 Loading class com/sun/security/sasl/Provider$1 done
Event: 3.452 Loading class com/sun/security/sasl/Provider$ProviderService
Event: 3.452 Loading class com/sun/security/sasl/Provider$ProviderService done
Event: 3.452 Loading class sun/security/provider/certpath/ldap/JdkLDAP
Event: 3.453 Loading class sun/security/provider/certpath/ldap/JdkLDAP done
Event: 3.453 Loading class sun/security/provider/certpath/ldap/JdkLDAP$ProviderService
Event: 3.453 Loading class sun/security/provider/certpath/ldap/JdkLDAP$ProviderService done

Classes unloaded (0 events):
No events

Classes redefined (0 events):
No events

Internal exceptions (20 events):
Event: 2.344 Thread 0x00007ba2b4002550 Exception <a 'java/lang/NoSuchMethodError'{0x000000008d200378}: 'java.lang.Object java.lang.invoke.DirectMethodHandle$Holder.newInvokeSpecial(java.lang.Object, int, java.lang.Object)'> (0x000000008d200378) 
thrown [open/src/hotspot/share/interpreter/linkResolver.cpp, line 795]
Event: 2.345 Thread 0x00007ba2b4002550 Exception <a 'java/lang/NoSuchMethodError'{0x000000008d204f00}: 'int java.lang.invoke.DirectMethodHandle$Holder.invokeSpecialIFC(java.lang.Object, java.lang.Object, java.lang.Object, java.lang.Object)'> (0x000000008d204f00) 
thrown [open/src/hotspot/share/interpreter/linkResolver.cpp, line 795]
Event: 2.402 Thread 0x00007ba2b4002550 Exception <a 'java/lang/NoSuchMethodError'{0x000000008d2e8d38}: 'void java.lang.invoke.DirectMethodHandle$Holder.invokeInterface(java.lang.Object, java.lang.Object, java.lang.Object)'> (0x000000008d2e8d38) 
thrown [open/src/hotspot/share/interpreter/linkResolver.cpp, line 795]
Event: 2.439 Thread 0x00007ba2b4002550 Exception <a 'java/lang/NoSuchMethodError'{0x000000008d1819e0}: 'void java.lang.invoke.DirectMethodHandle$Holder.invokeStaticInit(java.lang.Object, java.lang.Object, java.lang.Object)'> (0x000000008d1819e0) 
thrown [open/src/hotspot/share/interpreter/linkResolver.cpp, line 795]
Event: 2.449 Thread 0x00007ba2b4002550 Exception <a 'java/lang/NoSuchMethodError'{0x000000008d19ec38}: 'java.lang.Object java.lang.invoke.DirectMethodHandle$Holder.invokeVirtual(java.lang.Object, java.lang.Object, java.lang.Object)'> (0x000000008d19ec38) 
thrown [open/src/hotspot/share/interpreter/linkResolver.cpp, line 795]
Event: 2.491 Thread 0x00007ba2b4002550 Exception <a 'java/lang/NoSuchMethodError'{0x000000008d02e398}: 'void java.lang.invoke.DirectMethodHandle$Holder.invokeVirtual(java.lang.Object, java.lang.Object, java.lang.Object, java.lang.Object)'> (0x000000008d02e398) 
thrown [open/src/hotspot/share/interpreter/linkResolver.cpp, line 795]
Event: 2.596 Thread 0x00007ba2b01325a0 Exception <a 'java/lang/NoClassDefFoundError'{0x000000008ce9d278}: jakarta/validation/Validation> (0x000000008ce9d278) 
thrown [open/src/hotspot/share/classfile/systemDictionary.cpp, line 302]
Event: 2.602 Thread 0x00007ba2b4002550 Exception <a 'java/lang/NoSuchMethodError'{0x000000008cefb348}: 'java.lang.reflect.Field[] java.lang.Class.getDeclaredFields(java.lang.Class)'> (0x000000008cefb348) 
thrown [open/src/hotspot/share/interpreter/linkResolver.cpp, line 795]
Event: 2.609 Thread 0x00007ba2b4002550 Exception <a 'java/lang/NoSuchMethodError'{0x000000008ceff6e0}: 'java.lang.Object java.lang.invoke.DirectMethodHandle$Holder.invokeStatic(java.lang.Object, java.lang.Object, int)'> (0x000000008ceff6e0) 
thrown [open/src/hotspot/share/interpreter/linkResolver.cpp, line 795]
Event: 2.611 Thread 0x00007ba2b4002550 Exception <a 'java/lang/NoSuchMethodError'{0x000000008cd4c7b0}: 'void java.lang.invoke.DelegatingMethodHandle$Holder.delegate(java.lang.Object, java.lang.Object, int, java.lang.Object)'> (0x000000008cd4c7b0) 
thrown [open/src/hotspot/share/interpreter/linkResolver.cpp, line 795]
Event: 2.644 Thread 0x00007ba2b4002550 Exception <a 'java/lang/IncompatibleClassChangeError'{0x000000008ccf5ac8}: Found class java.lang.Object, but interface was expected> (0x000000008ccf5ac8) 
thrown [open/src/hotspot/share/interpreter/linkResolver.cpp, line 863]
Event: 3.150 Thread 0x00007ba2b4002550 Exception <a 'java/lang/NoSuchMethodError'{0x000000008d4b97a0}: 'int java.lang.invoke.DirectMethodHandle$Holder.invokeSpecial(java.lang.Object, java.lang.Object, java.lang.Object, java.lang.Object, java.lang.Object)'> (0x000000008d4b97a0) 
thrown [open/src/hotspot/share/interpreter/linkResolver.cpp, line 795]
Event: 3.154 Thread 0x00007ba2b4002550 Exception <a 'java/lang/NoSuchMethodError'{0x000000008d4c1da0}: 'void java.lang.invoke.DirectMethodHandle$Holder.invokeVirtual(java.lang.Object, java.lang.Object)'> (0x000000008d4c1da0) 
thrown [open/src/hotspot/share/interpreter/linkResolver.cpp, line 795]
Event: 3.175 Thread 0x00007ba2b01325a0 Exception <a 'java/lang/NoSuchMethodError'{0x000000008d3c5bd8}: 'long java.lang.invoke.DirectMethodHandle$Holder.invokeSpecial(java.lang.Object, java.lang.Object)'> (0x000000008d3c5bd8) 
thrown [open/src/hotspot/share/interpreter/linkResolver.cpp, line 795]
Event: 3.179 Thread 0x00007ba2b01325a0 Exception <a 'java/lang/NoSuchMethodError'{0x000000008d3cf7d0}: 'long java.lang.invoke.DirectMethodHandle$Holder.invokeStatic(java.lang.Object, java.lang.Object)'> (0x000000008d3cf7d0) 
thrown [open/src/hotspot/share/interpreter/linkResolver.cpp, line 795]
Event: 3.180 Thread 0x00007ba2b01325a0 Exception <a 'java/lang/NoSuchMethodError'{0x000000008d3d28d0}: 'long java.lang.invoke.DirectMethodHandle$Holder.invokeStaticInit(java.lang.Object, java.lang.Object)'> (0x000000008d3d28d0) 
thrown [open/src/hotspot/share/interpreter/linkResolver.cpp, line 795]
Event: 3.185 Thread 0x00007ba2b01325a0 Exception <a 'java/lang/NoSuchMethodError'{0x000000008d3deb58}: 'long java.lang.invoke.DirectMethodHandle$Holder.invokeInterface(java.lang.Object, java.lang.Object)'> (0x000000008d3deb58) 
thrown [open/src/hotspot/share/interpreter/linkResolver.cpp, line 795]
Event: 3.186 Thread 0x00007ba2b01325a0 Exception <a 'java/lang/IncompatibleClassChangeError'{0x000000008d3e1b80}: Found class java.lang.Object, but interface was expected> (0x000000008d3e1b80) 
thrown [open/src/hotspot/share/interpreter/linkResolver.cpp, line 863]
Event: 3.196 Thread 0x00007ba2b01325a0 Exception <a 'java/lang/NoSuchMethodError'{0x000000008d26a9c0}: 'java.lang.Object java.lang.invoke.DirectMethodHandle$Holder.invokeVirtual(java.lang.Object, java.lang.Object, java.lang.Object, java.lang.Object)'> (0x000000008d26a9c0) 
thrown [open/src/hotspot/share/interpreter/linkResolver.cpp, line 795]
Event: 3.399 Thread 0x00007ba2b4002550 Exception <a 'java/lang/IncompatibleClassChangeError'{0x000000008cbbbed0}: Found class java.lang.Object, but interface was expected> (0x000000008cbbbed0) 
thrown [open/src/hotspot/share/interpreter/linkResolver.cpp, line 863]

VM Operations (20 events):
Event: 2.576 Executing VM operation: HandshakeAllThreads (Deoptimize)
Event: 2.576 Executing VM operation: HandshakeAllThreads (Deoptimize) done
Event: 2.605 Executing VM operation: HandshakeAllThreads (Deoptimize)
Event: 2.607 Executing VM operation: HandshakeAllThreads (Deoptimize) done
Event: 2.614 Executing VM operation: HandshakeAllThreads (Deoptimize)
Event: 2.614 Executing VM operation: HandshakeAllThreads (Deoptimize) done
Event: 2.655 Executing VM operation: HandshakeAllThreads (Deoptimize)
Event: 2.659 Executing VM operation: HandshakeAllThreads (Deoptimize) done
Event: 2.859 Executing VM operation: HandshakeAllThreads (Deoptimize)
Event: 2.859 Executing VM operation: HandshakeAllThreads (Deoptimize) done
Event: 3.040 Executing VM operation: HandshakeAllThreads (Deoptimize)
Event: 3.041 Executing VM operation: HandshakeAllThreads (Deoptimize) done
Event: 3.109 Executing VM operation: HandshakeAllThreads (Deoptimize)
Event: 3.109 Executing VM operation: HandshakeAllThreads (Deoptimize) done
Event: 3.112 Executing VM operation: G1CollectForAllocation (G1 Evacuation Pause)
Event: 3.121 Executing VM operation: G1CollectForAllocation (G1 Evacuation Pause) done
Event: 3.300 Executing VM operation: HandshakeAllThreads (Deoptimize)
Event: 3.303 Executing VM operation: HandshakeAllThreads (Deoptimize) done
Event: 3.388 Executing VM operation: HandshakeAllThreads (Deoptimize)
Event: 3.388 Executing VM operation: HandshakeAllThreads (Deoptimize) done

Memory protections (17 events):
Event: 0.011 Protecting memory [0x00007ba398f00000,0x00007ba398f04000] with protection modes 0
Event: 0.082 Protecting memory [0x00007ba394075000,0x00007ba394079000] with protection modes 0
Event: 0.083 Protecting memory [0x00007ba378100000,0x00007ba378104000] with protection modes 0
Event: 0.084 Protecting memory [0x00007ba378000000,0x00007ba378004000] with protection modes 0
Event: 0.084 Protecting memory [0x00007ba371f00000,0x00007ba371f04000] with protection modes 0
Event: 0.086 Protecting memory [0x00007ba371e00000,0x00007ba371e04000] with protection modes 0
Event: 0.086 Protecting memory [0x00007ba371d00000,0x00007ba371d04000] with protection modes 0
Event: 0.094 Protecting memory [0x00007ba371c00000,0x00007ba371c04000] with protection modes 0
Event: 0.204 Protecting memory [0x00007ba371a30000,0x00007ba371a34000] with protection modes 0
Event: 0.426 Protecting memory [0x00007ba371930000,0x00007ba371934000] with protection modes 0
Event: 0.556 Protecting memory [0x00007ba371830000,0x00007ba371834000] with protection modes 0
Event: 0.559 Protecting memory [0x00007ba371730000,0x00007ba371734000] with protection modes 0
Event: 1.644 Protecting memory [0x00007ba371930000,0x00007ba371934000] with protection modes 0
Event: 1.810 Protecting memory [0x00007ba37142e000,0x00007ba371432000] with protection modes 0
Event: 1.815 Protecting memory [0x00007ba37132e000,0x00007ba371332000] with protection modes 0
Event: 2.588 Protecting memory [0x00007ba37112d000,0x00007ba371131000] with protection modes 0
Event: 3.258 Protecting memory [0x00007ba37102d000,0x00007ba371031000] with protection modes 0

Nmethod flushes (0 events):
No events

Events (20 events):
Event: 0.053 Thread 0x00007ba39002cce0 Thread added: 0x00007ba39002cce0
Event: 0.082 Thread 0x00007ba39002cce0 Thread added: 0x00007ba39014a530
Event: 0.082 Thread 0x00007ba39002cce0 Thread added: 0x00007ba39014baa0
Event: 0.084 Thread 0x00007ba39002cce0 Thread added: 0x00007ba39014d2b0
Event: 0.084 Thread 0x00007ba39002cce0 Thread added: 0x00007ba39014e8f0
Event: 0.086 Thread 0x00007ba39002cce0 Thread added: 0x00007ba39014fe90
Event: 0.086 Thread 0x00007ba39002cce0 Thread added: 0x00007ba3901519b0
Event: 0.094 Thread 0x00007ba39002cce0 Thread added: 0x00007ba3901530c0
Event: 0.204 Thread 0x00007ba39002cce0 Thread added: 0x00007ba390164410
Event: 0.423 Thread 0x00007ba3901519b0 Thread added: 0x00007ba2e40c8ad0
Event: 0.556 Thread 0x00007ba39002cce0 Thread added: 0x00007ba390370760
Event: 0.559 Thread 0x00007ba39002cce0 Thread added: 0x00007ba3903720d0
Event: 1.555 Thread 0x00007ba2e40c8ad0 Thread exited: 0x00007ba2e40c8ad0
Event: 1.644 Thread 0x00007ba3901530c0 Thread added: 0x00007ba2e02b1740
Event: 1.810 Thread 0x00007ba39002cce0 Thread added: 0x00007ba3905d76a0
Event: 1.815 Thread 0x00007ba3905d76a0 Thread added: 0x00007ba2b4002550
Event: 2.588 Thread 0x00007ba2b4002550 Thread added: 0x00007ba2b01325a0
Event: 3.257 Thread 0x00007ba2b4002550 Thread added: 0x00007ba2b02f51c0
Event: 3.344 Thread 0x00007ba2b02f51c0 Thread exited: 0x00007ba2b02f51c0
Event: 3.468 Thread 0x00007ba2b01325a0 Thread exited: 0x00007ba2b01325a0


Dynamic libraries:
85a00000-87f00000 rw-p 00000000 00:00 0 
87f00000-8d000000 ---p 00000000 00:00 0 
8d000000-8d400000 rw-p 00000000 00:00 0 
8d400000-8d500000 ---p 00000000 00:00 0 
8d500000-8d600000 rw-p 00000000 00:00 0 
8d600000-ffe00000 ---p 00000000 00:00 0 
ffe00000-fff1f000 rw-p 00dc0000 08:02 18883833                           /usr/lib/jvm/jdk-23.0.2-oracle-x64/lib/server/classes.jsa
fff1f000-100000000 rw-p 00000000 00:00 0 
5735af545000-5735af546000 r-xp 00000000 08:02 17994378                   /usr/lib/jvm/jdk-23.0.2-oracle-x64/bin/java
5735af547000-5735af548000 r--p 00001000 08:02 17994378                   /usr/lib/jvm/jdk-23.0.2-oracle-x64/bin/java
5735af548000-5735af549000 rw-p 00002000 08:02 17994378                   /usr/lib/jvm/jdk-23.0.2-oracle-x64/bin/java
5735bc629000-5735bc671000 rw-p 00000000 00:00 0                          [heap]
7ba290000000-7ba290021000 rw-p 00000000 00:00 0 
7ba290021000-7ba294000000 ---p 00000000 00:00 0 
7ba298000000-7ba298021000 rw-p 00000000 00:00 0 
7ba298021000-7ba29c000000 ---p 00000000 00:00 0 
7ba29c000000-7ba29c09d000 rw-p 00000000 00:00 0 
7ba29c09d000-7ba2a0000000 ---p 00000000 00:00 0 
7ba2a4000000-7ba2a437a000 rw-p 00000000 00:00 0 
7ba2a437a000-7ba2a8000000 ---p 00000000 00:00 0 
7ba2a8000000-7ba2a8021000 rw-p 00000000 00:00 0 
7ba2a8021000-7ba2ac000000 ---p 00000000 00:00 0 
7ba2b0000000-7ba2b0ad9000 rw-p 00000000 00:00 0 
7ba2b0ad9000-7ba2b4000000 ---p 00000000 00:00 0 
7ba2b4000000-7ba2b4021000 rw-p 00000000 00:00 0 
7ba2b4021000-7ba2b8000000 ---p 00000000 00:00 0 
7ba2bc000000-7ba2bce6a000 rw-p 00000000 00:00 0 
7ba2bce6a000-7ba2c0000000 ---p 00000000 00:00 0 
7ba2c0000000-7ba2c0021000 rw-p 00000000 00:00 0 
7ba2c0021000-7ba2c4000000 ---p 00000000 00:00 0 
7ba2c8000000-7ba2c8021000 rw-p 00000000 00:00 0 
7ba2c8021000-7ba2cc000000 ---p 00000000 00:00 0 
7ba2cc000000-7ba2cc021000 rw-p 00000000 00:00 0 
7ba2cc021000-7ba2d0000000 ---p 00000000 00:00 0 
7ba2d4000000-7ba2d42af000 rw-p 00000000 00:00 0 
7ba2d42af000-7ba2d8000000 ---p 00000000 00:00 0 
7ba2d8000000-7ba2d8021000 rw-p 00000000 00:00 0 
7ba2d8021000-7ba2dc000000 ---p 00000000 00:00 0 
7ba2e0000000-7ba2e0a7c000 rw-p 00000000 00:00 0 
7ba2e0a7c000-7ba2e4000000 ---p 00000000 00:00 0 
7ba2e4000000-7ba2e53ec000 rw-p 00000000 00:00 0 
7ba2e53ec000-7ba2e8000000 ---p 00000000 00:00 0 
7ba2ec000000-7ba2ec021000 rw-p 00000000 00:00 0 
7ba2ec021000-7ba2f0000000 ---p 00000000 00:00 0 
7ba2f0000000-7ba2f0021000 rw-p 00000000 00:00 0 
7ba2f0021000-7ba2f4000000 ---p 00000000 00:00 0 
7ba2f8000000-7ba2f8021000 rw-p 00000000 00:00 0 
7ba2f8021000-7ba2fc000000 ---p 00000000 00:00 0 
7ba2fc000000-7ba2fc021000 rw-p 00000000 00:00 0 
7ba2fc021000-7ba300000000 ---p 00000000 00:00 0 
7ba304000000-7ba304021000 rw-p 00000000 00:00 0 
7ba304021000-7ba308000000 ---p 00000000 00:00 0 
7ba308000000-7ba308021000 rw-p 00000000 00:00 0 
7ba308021000-7ba30c000000 ---p 00000000 00:00 0 
7ba310000000-7ba3103f0000 rw-p 00000000 00:00 0 
7ba3103f0000-7ba3108f0000 rw-p 00000000 00:00 0 
7ba3108f0000-7ba3109f0000 rw-p 00000000 00:00 0 
7ba3109f0000-7ba310f70000 rw-p 00000000 00:00 0 
7ba310f70000-7ba310ff0000 rw-p 00000000 00:00 0 
7ba310ff0000-7ba311170000 rw-p 00000000 00:00 0 
7ba311170000-7ba3111f0000 rw-p 00000000 00:00 0 
7ba3111f0000-7ba3115f0000 rw-p 00000000 00:00 0 
7ba3115f0000-7ba3118f0000 rw-p 00000000 00:00 0 
7ba3118f0000-7ba3119a0000 rw-p 00000000 00:00 0 
7ba3119a0000-7ba311a00000 ---p 00000000 00:00 0 
7ba311a00000-7ba311bf0000 rw-p 00000000 00:00 0 
7ba311bf0000-7ba314000000 ---p 00000000 00:00 0 
7ba314000000-7ba314021000 rw-p 00000000 00:00 0 
7ba314021000-7ba318000000 ---p 00000000 00:00 0 
7ba31a000000-7ba31ad91000 rw-p 00001000 08:02 18883833                   /usr/lib/jvm/jdk-23.0.2-oracle-x64/lib/server/classes.jsa
7ba31ad91000-7ba31b000000 ---p 00000000 00:00 0 
7ba31b000000-7ba31b030000 rw-p 00000000 00:00 0 
7ba31b030000-7ba31b0b0000 rw-p 00000000 00:00 0 
7ba31b0b0000-7ba31b0f0000 rw-p 00000000 00:00 0 
7ba31b0f0000-7ba31b270000 rw-p 00000000 00:00 0 
7ba31b270000-7ba31b440000 rw-p 00000000 00:00 0 
7ba31b440000-7ba35b000000 ---p 00000000 00:00 0 
7ba35c000000-7ba35c021000 rw-p 00000000 00:00 0 
7ba35c021000-7ba360000000 ---p 00000000 00:00 0 
7ba360000000-7ba360021000 rw-p 00000000 00:00 0 
7ba360021000-7ba364000000 ---p 00000000 00:00 0 
7ba368000000-7ba368021000 rw-p 00000000 00:00 0 
7ba368021000-7ba36c000000 ---p 00000000 00:00 0 
7ba36c000000-7ba36c021000 rw-p 00000000 00:00 0 
7ba36c021000-7ba370000000 ---p 00000000 00:00 0 
7ba370b00000-7ba370b04000 ---p 00000000 00:00 0 
7ba370b04000-7ba370c00000 rw-p 00000000 00:00 0 
7ba370c00000-7ba370ec8000 rw-p 00000000 00:00 0 
7ba370f2d000-7ba370f31000 ---p 00000000 00:00 0 
7ba370f31000-7ba37102d000 rw-p 00000000 00:00 0 
7ba37102d000-7ba371031000 ---p 00000000 00:00 0 
7ba371031000-7ba37112d000 rw-p 00000000 00:00 0 
7ba37112d000-7ba371131000 ---p 00000000 00:00 0 
7ba371131000-7ba37122d000 rw-p 00000000 00:00 0 
7ba37122d000-7ba37122e000 ---p 00000000 00:00 0 
7ba37122e000-7ba37132e000 rw-p 00000000 00:00 0 
7ba37132e000-7ba371332000 ---p 00000000 00:00 0 
7ba371332000-7ba37142e000 rw-p 00000000 00:00 0 
7ba37142e000-7ba371432000 ---p 00000000 00:00 0 
7ba371432000-7ba37152e000 rw-p 00000000 00:00 0 
7ba37152e000-7ba37152f000 ---p 00000000 00:00 0 
7ba37152f000-7ba37162f000 rw-p 00000000 00:00 0 
7ba37162f000-7ba371630000 ---p 00000000 00:00 0 
7ba371630000-7ba371730000 rw-p 00000000 00:00 0 
7ba371730000-7ba371734000 ---p 00000000 00:00 0 
7ba371734000-7ba371830000 rw-p 00000000 00:00 0 
7ba371830000-7ba371834000 ---p 00000000 00:00 0 
7ba371834000-7ba371930000 rw-p 00000000 00:00 0 
7ba371930000-7ba371934000 ---p 00000000 00:00 0 
7ba371934000-7ba371a30000 rw-p 00000000 00:00 0 
7ba371a30000-7ba371a34000 ---p 00000000 00:00 0 
7ba371a34000-7ba371b30000 rw-p 00000000 00:00 0 
7ba371b30000-7ba371bfe000 r-xp 00000000 08:02 18883806                   /usr/lib/jvm/jdk-23.0.2-oracle-x64/lib/libjsvml.so
7ba371bfe000-7ba371bff000 r--p 000cd000 08:02 18883806                   /usr/lib/jvm/jdk-23.0.2-oracle-x64/lib/libjsvml.so
7ba371bff000-7ba371c00000 rw-p 000ce000 08:02 18883806                   /usr/lib/jvm/jdk-23.0.2-oracle-x64/lib/libjsvml.so
7ba371c00000-7ba371c04000 ---p 00000000 00:00 0 
7ba371c04000-7ba371d00000 rw-p 00000000 00:00 0 
7ba371d00000-7ba371d04000 ---p 00000000 00:00 0 
7ba371d04000-7ba371e00000 rw-p 00000000 00:00 0 
7ba371e00000-7ba371e04000 ---p 00000000 00:00 0 
7ba371e04000-7ba371f00000 rw-p 00000000 00:00 0 
7ba371f00000-7ba371f04000 ---p 00000000 00:00 0 
7ba371f04000-7ba372000000 rw-p 00000000 00:00 0 
7ba372000000-7ba374000000 rw-p 00000000 00:00 0 
7ba374000000-7ba374021000 rw-p 00000000 00:00 0 
7ba374021000-7ba378000000 ---p 00000000 00:00 0 
7ba378000000-7ba378004000 ---p 00000000 00:00 0 
7ba378004000-7ba378100000 rw-p 00000000 00:00 0 
7ba378100000-7ba378104000 ---p 00000000 00:00 0 
7ba378104000-7ba378200000 rw-p 00000000 00:00 0 
7ba378200000-7ba378774000 r--p 00000000 08:02 17828019                   /usr/lib/locale/locale-archive
7ba378800000-7ba378da0000 rwxp 00000000 00:00 0 
7ba378da0000-7ba37fd37000 ---p 00000000 00:00 0 
7ba37fd37000-7ba37ffa7000 rwxp 00000000 00:00 0 
7ba37ffa7000-7ba3802c7000 ---p 00000000 00:00 0 
7ba3802c7000-7ba380537000 rwxp 00000000 00:00 0 
7ba380537000-7ba387800000 ---p 00000000 00:00 0 
7ba387800000-7ba38ffb5000 r--s 00000000 08:02 18883824                   /usr/lib/jvm/jdk-23.0.2-oracle-x64/lib/modules
7ba390000000-7ba3905df000 rw-p 00000000 00:00 0 
7ba3905df000-7ba394000000 ---p 00000000 00:00 0 
7ba394075000-7ba394079000 ---p 00000000 00:00 0 
7ba394079000-7ba394175000 rw-p 00000000 00:00 0 
7ba394175000-7ba394176000 ---p 00000000 00:00 0 
7ba394176000-7ba394276000 rw-p 00000000 00:00 0 
7ba394276000-7ba394277000 ---p 00000000 00:00 0 
7ba394277000-7ba394377000 rw-p 00000000 00:00 0 
7ba394377000-7ba3943f8000 rw-p 00000000 00:00 0 
7ba3943f8000-7ba3943f9000 ---p 00000000 00:00 0 
7ba3943f9000-7ba3944f9000 rw-p 00000000 00:00 0 
7ba3944f9000-7ba3944fa000 ---p 00000000 00:00 0 
7ba3944fa000-7ba3945fa000 rw-p 00000000 00:00 0 
7ba3945fa000-7ba3949fe000 rw-p 00000000 00:00 0 
7ba3949fe000-7ba3949ff000 ---p 00000000 00:00 0 
7ba3949ff000-7ba394aff000 rw-p 00000000 00:00 0 
7ba394aff000-7ba394b00000 ---p 00000000 00:00 0 
7ba394b00000-7ba394c00000 rw-p 00000000 00:00 0 
7ba394c00000-7ba394c94000 rw-p 00000000 00:00 0 
7ba394c94000-7ba394dd8000 ---p 00000000 00:00 0 
7ba394dd8000-7ba394de8000 rw-p 00000000 00:00 0 
7ba394de8000-7ba394dec000 ---p 00000000 00:00 0 
7ba394dec000-7ba394df0000 rw-p 00000000 00:00 0 
7ba394df0000-7ba396a90000 ---p 00000000 00:00 0 
7ba396a90000-7ba396a98000 rw-p 00000000 00:00 0 
7ba396aa4000-7ba396aff000 rw-p 00000000 00:00 0 
7ba396aff000-7ba396b00000 ---p 00000000 00:00 0 
7ba396b00000-7ba396c00000 rw-p 00000000 00:00 0 
7ba396c00000-7ba396c13000 rw-p 00000000 00:00 0 
7ba396c13000-7ba396c3b000 ---p 00000000 00:00 0 
7ba396c3b000-7ba396c3e000 rw-p 00000000 00:00 0 
7ba396c3e000-7ba396fd2000 ---p 00000000 00:00 0 
7ba396fd2000-7ba396fd3000 rw-p 00000000 00:00 0 
7ba396ff1000-7ba396ff8000 r--s 00000000 08:02 17993767                   /usr/lib/x86_64-linux-gnu/gconv/gconv-modules.cache
7ba396ff8000-7ba396ffd000 r-xp 00000000 08:02 18883811                   /usr/lib/jvm/jdk-23.0.2-oracle-x64/lib/libmanagement_ext.so
7ba396ffd000-7ba396ffe000 ---p 00005000 08:02 18883811                   /usr/lib/jvm/jdk-23.0.2-oracle-x64/lib/libmanagement_ext.so
7ba396ffe000-7ba396fff000 r--p 00005000 08:02 18883811                   /usr/lib/jvm/jdk-23.0.2-oracle-x64/lib/libmanagement_ext.so
7ba396fff000-7ba397000000 rw-p 00006000 08:02 18883811                   /usr/lib/jvm/jdk-23.0.2-oracle-x64/lib/libmanagement_ext.so
7ba397000000-7ba397013000 rw-p 00000000 00:00 0 
7ba397013000-7ba39703b000 ---p 00000000 00:00 0 
7ba39703b000-7ba39703e000 rw-p 00000000 00:00 0 
7ba39703e000-7ba3973d2000 ---p 00000000 00:00 0 
7ba3973d2000-7ba3973d3000 rw-p 00000000 00:00 0 
7ba3973d7000-7ba3973e2000 r-xp 00000000 08:02 18883813                   /usr/lib/jvm/jdk-23.0.2-oracle-x64/lib/libnet.so
7ba3973e2000-7ba3973e3000 ---p 0000b000 08:02 18883813                   /usr/lib/jvm/jdk-23.0.2-oracle-x64/lib/libnet.so
7ba3973e3000-7ba3973e4000 r--p 0000b000 08:02 18883813                   /usr/lib/jvm/jdk-23.0.2-oracle-x64/lib/libnet.so
7ba3973e4000-7ba3973e5000 rw-p 0000c000 08:02 18883813                   /usr/lib/jvm/jdk-23.0.2-oracle-x64/lib/libnet.so
7ba3973e5000-7ba397423000 r-xp 00000000 08:02 18883819                   /usr/lib/jvm/jdk-23.0.2-oracle-x64/lib/libsimdsort.so
7ba397423000-7ba397424000 ---p 0003e000 08:02 18883819                   /usr/lib/jvm/jdk-23.0.2-oracle-x64/lib/libsimdsort.so
7ba397424000-7ba397425000 r--p 0003e000 08:02 18883819                   /usr/lib/jvm/jdk-23.0.2-oracle-x64/lib/libsimdsort.so
7ba397425000-7ba397426000 rw-p 0003f000 08:02 18883819                   /usr/lib/jvm/jdk-23.0.2-oracle-x64/lib/libsimdsort.so
7ba397426000-7ba39782f000 rw-p 00000000 00:00 0 
7ba39782f000-7ba397915000 ---p 00000000 00:00 0 
7ba397915000-7ba397921000 rw-p 00000000 00:00 0 
7ba397921000-7ba397a00000 ---p 00000000 00:00 0 
7ba397a00000-7ba398d30000 r-xp 00000000 08:02 18883836                   /usr/lib/jvm/jdk-23.0.2-oracle-x64/lib/server/libjvm.so
7ba398d30000-7ba398e00000 r--p 0132f000 08:02 18883836                   /usr/lib/jvm/jdk-23.0.2-oracle-x64/lib/server/libjvm.so
7ba398e00000-7ba398e2e000 rw-p 013ff000 08:02 18883836                   /usr/lib/jvm/jdk-23.0.2-oracle-x64/lib/server/libjvm.so
7ba398e2e000-7ba398ea4000 rw-p 00000000 00:00 0 
7ba398ea9000-7ba398ebc000 r-xp 00000000 08:02 18883814                   /usr/lib/jvm/jdk-23.0.2-oracle-x64/lib/libnio.so
7ba398ebc000-7ba398ebd000 ---p 00013000 08:02 18883814                   /usr/lib/jvm/jdk-23.0.2-oracle-x64/lib/libnio.so
7ba398ebd000-7ba398ebe000 r--p 00013000 08:02 18883814                   /usr/lib/jvm/jdk-23.0.2-oracle-x64/lib/libnio.so
7ba398ebe000-7ba398ebf000 rw-p 00014000 08:02 18883814                   /usr/lib/jvm/jdk-23.0.2-oracle-x64/lib/libnio.so
7ba398ebf000-7ba398f00000 rw-p 00000000 00:00 0 
7ba398f00000-7ba398f04000 ---p 00000000 00:00 0 
7ba398f04000-7ba399000000 rw-p 00000000 00:00 0 
7ba399000000-7ba399028000 r--p 00000000 08:02 17827957                   /usr/lib/x86_64-linux-gnu/libc.so.6
7ba399028000-7ba3991bd000 r-xp 00028000 08:02 17827957                   /usr/lib/x86_64-linux-gnu/libc.so.6
7ba3991bd000-7ba399215000 r--p 001bd000 08:02 17827957                   /usr/lib/x86_64-linux-gnu/libc.so.6
7ba399215000-7ba399216000 ---p 00215000 08:02 17827957                   /usr/lib/x86_64-linux-gnu/libc.so.6
7ba399216000-7ba39921a000 r--p 00215000 08:02 17827957                   /usr/lib/x86_64-linux-gnu/libc.so.6
7ba39921a000-7ba39921c000 rw-p 00219000 08:02 17827957                   /usr/lib/x86_64-linux-gnu/libc.so.6
7ba39921c000-7ba399229000 rw-p 00000000 00:00 0 
7ba39922c000-7ba399230000 r-xp 00000000 08:02 18883809                   /usr/lib/jvm/jdk-23.0.2-oracle-x64/lib/libmanagement.so
7ba399230000-7ba399231000 r--p 00003000 08:02 18883809                   /usr/lib/jvm/jdk-23.0.2-oracle-x64/lib/libmanagement.so
7ba399231000-7ba399232000 rw-p 00004000 08:02 18883809                   /usr/lib/jvm/jdk-23.0.2-oracle-x64/lib/libmanagement.so
7ba399232000-7ba399234000 r-xp 00000000 08:02 18883791                   /usr/lib/jvm/jdk-23.0.2-oracle-x64/lib/libextnet.so
7ba399234000-7ba399235000 r--p 00001000 08:02 18883791                   /usr/lib/jvm/jdk-23.0.2-oracle-x64/lib/libextnet.so
7ba399235000-7ba399236000 rw-p 00002000 08:02 18883791                   /usr/lib/jvm/jdk-23.0.2-oracle-x64/lib/libextnet.so
7ba399236000-7ba39923d000 r-xp 00000000 08:02 18883823                   /usr/lib/jvm/jdk-23.0.2-oracle-x64/lib/libzip.so
7ba39923d000-7ba39923e000 ---p 00007000 08:02 18883823                   /usr/lib/jvm/jdk-23.0.2-oracle-x64/lib/libzip.so
7ba39923e000-7ba39923f000 r--p 00007000 08:02 18883823                   /usr/lib/jvm/jdk-23.0.2-oracle-x64/lib/libzip.so
7ba39923f000-7ba399240000 rw-p 00008000 08:02 18883823                   /usr/lib/jvm/jdk-23.0.2-oracle-x64/lib/libzip.so
7ba399240000-7ba399287000 rw-p 00000000 00:00 0 
7ba399287000-7ba39928e000 ---p 00000000 00:00 0 
7ba39928e000-7ba399296000 rw-s 00000000 08:02 4196326                    /tmp/hsperfdata_nayere/53787
7ba399296000-7ba3992b6000 r-xp 00000000 08:02 18883798                   /usr/lib/jvm/jdk-23.0.2-oracle-x64/lib/libjava.so
7ba3992b6000-7ba3992b7000 r--p 0001f000 08:02 18883798                   /usr/lib/jvm/jdk-23.0.2-oracle-x64/lib/libjava.so
7ba3992b7000-7ba3992b8000 rw-p 00020000 08:02 18883798                   /usr/lib/jvm/jdk-23.0.2-oracle-x64/lib/libjava.so
7ba3992b8000-7ba3992b9000 rw-p 00000000 00:00 0 
7ba3992b9000-7ba3992d7000 r-xp 00000000 08:02 18883802                   /usr/lib/jvm/jdk-23.0.2-oracle-x64/lib/libjimage.so
7ba3992d7000-7ba3992d9000 r--p 0001d000 08:02 18883802                   /usr/lib/jvm/jdk-23.0.2-oracle-x64/lib/libjimage.so
7ba3992d9000-7ba3992da000 rw-p 0001f000 08:02 18883802                   /usr/lib/jvm/jdk-23.0.2-oracle-x64/lib/libjimage.so
7ba3992da000-7ba3992e8000 r--p 00000000 08:02 17827971                   /usr/lib/x86_64-linux-gnu/libm.so.6
7ba3992e8000-7ba399364000 r-xp 0000e000 08:02 17827971                   /usr/lib/x86_64-linux-gnu/libm.so.6
7ba399364000-7ba3993bf000 r--p 0008a000 08:02 17827971                   /usr/lib/x86_64-linux-gnu/libm.so.6
7ba3993bf000-7ba3993c0000 r--p 000e4000 08:02 17827971                   /usr/lib/x86_64-linux-gnu/libm.so.6
7ba3993c0000-7ba3993c1000 rw-p 000e5000 08:02 17827971                   /usr/lib/x86_64-linux-gnu/libm.so.6
7ba3993c1000-7ba3993c2000 r--p 00000000 08:02 17827996                   /usr/lib/x86_64-linux-gnu/librt.so.1
7ba3993c2000-7ba3993c3000 r-xp 00001000 08:02 17827996                   /usr/lib/x86_64-linux-gnu/librt.so.1
7ba3993c3000-7ba3993c4000 r--p 00002000 08:02 17827996                   /usr/lib/x86_64-linux-gnu/librt.so.1
7ba3993c4000-7ba3993c5000 r--p 00002000 08:02 17827996                   /usr/lib/x86_64-linux-gnu/librt.so.1
7ba3993c5000-7ba3993c6000 rw-p 00003000 08:02 17827996                   /usr/lib/x86_64-linux-gnu/librt.so.1
7ba3993c6000-7ba3993ca000 rw-p 00000000 00:00 0 
7ba3993ca000-7ba3993cb000 r--p 00000000 08:02 17827994                   /usr/lib/x86_64-linux-gnu/libpthread.so.0
7ba3993cb000-7ba3993cc000 r-xp 00001000 08:02 17827994                   /usr/lib/x86_64-linux-gnu/libpthread.so.0
7ba3993cc000-7ba3993cd000 r--p 00002000 08:02 17827994                   /usr/lib/x86_64-linux-gnu/libpthread.so.0
7ba3993cd000-7ba3993ce000 r--p 00002000 08:02 17827994                   /usr/lib/x86_64-linux-gnu/libpthread.so.0
7ba3993ce000-7ba3993cf000 rw-p 00003000 08:02 17827994                   /usr/lib/x86_64-linux-gnu/libpthread.so.0
7ba3993cf000-7ba3993d0000 r--p 00000000 08:02 17827959                   /usr/lib/x86_64-linux-gnu/libdl.so.2
7ba3993d0000-7ba3993d1000 r-xp 00001000 08:02 17827959                   /usr/lib/x86_64-linux-gnu/libdl.so.2
7ba3993d1000-7ba3993d2000 r--p 00002000 08:02 17827959                   /usr/lib/x86_64-linux-gnu/libdl.so.2
7ba3993d2000-7ba3993d3000 r--p 00002000 08:02 17827959                   /usr/lib/x86_64-linux-gnu/libdl.so.2
7ba3993d3000-7ba3993d4000 rw-p 00003000 08:02 17827959                   /usr/lib/x86_64-linux-gnu/libdl.so.2
7ba3993d4000-7ba3993d6000 r--p 00000000 08:02 17836542                   /usr/lib/x86_64-linux-gnu/libz.so.1.2.11
7ba3993d6000-7ba3993e7000 r-xp 00002000 08:02 17836542                   /usr/lib/x86_64-linux-gnu/libz.so.1.2.11
7ba3993e7000-7ba3993ed000 r--p 00013000 08:02 17836542                   /usr/lib/x86_64-linux-gnu/libz.so.1.2.11
7ba3993ed000-7ba3993ee000 ---p 00019000 08:02 17836542                   /usr/lib/x86_64-linux-gnu/libz.so.1.2.11
7ba3993ee000-7ba3993ef000 r--p 00019000 08:02 17836542                   /usr/lib/x86_64-linux-gnu/libz.so.1.2.11
7ba3993ef000-7ba3993f0000 rw-p 0001a000 08:02 17836542                   /usr/lib/x86_64-linux-gnu/libz.so.1.2.11
7ba3993f1000-7ba3993fb000 r-xp 00000000 08:02 18883793                   /usr/lib/jvm/jdk-23.0.2-oracle-x64/lib/libinstrument.so
7ba3993fb000-7ba3993fc000 r--p 00009000 08:02 18883793                   /usr/lib/jvm/jdk-23.0.2-oracle-x64/lib/libinstrument.so
7ba3993fc000-7ba3993fd000 rw-p 0000a000 08:02 18883793                   /usr/lib/jvm/jdk-23.0.2-oracle-x64/lib/libinstrument.so
7ba3993fd000-7ba3993fe000 ---p 00000000 00:00 0 
7ba3993fe000-7ba3993ff000 r--p 00000000 00:00 0 
7ba3993ff000-7ba39940e000 r-xp 00000000 08:02 18883803                   /usr/lib/jvm/jdk-23.0.2-oracle-x64/lib/libjli.so
7ba39940e000-7ba39940f000 r--p 0000e000 08:02 18883803                   /usr/lib/jvm/jdk-23.0.2-oracle-x64/lib/libjli.so
7ba39940f000-7ba399410000 rw-p 0000f000 08:02 18883803                   /usr/lib/jvm/jdk-23.0.2-oracle-x64/lib/libjli.so
7ba399410000-7ba399412000 rw-p 00000000 00:00 0 
7ba399412000-7ba399414000 r--p 00000000 08:02 17827949                   /usr/lib/x86_64-linux-gnu/ld-linux-x86-64.so.2
7ba399414000-7ba39943e000 r-xp 00002000 08:02 17827949                   /usr/lib/x86_64-linux-gnu/ld-linux-x86-64.so.2
7ba39943e000-7ba399449000 r--p 0002c000 08:02 17827949                   /usr/lib/x86_64-linux-gnu/ld-linux-x86-64.so.2
7ba399449000-7ba39944a000 ---p 00000000 00:00 0 
7ba39944a000-7ba39944c000 r--p 00037000 08:02 17827949                   /usr/lib/x86_64-linux-gnu/ld-linux-x86-64.so.2
7ba39944c000-7ba39944e000 rw-p 00039000 08:02 17827949                   /usr/lib/x86_64-linux-gnu/ld-linux-x86-64.so.2
7fff76352000-7fff76374000 rw-p 00000000 00:00 0                          [stack]
7fff763f3000-7fff763f7000 r--p 00000000 00:00 0                          [vvar]
7fff763f7000-7fff763f9000 r-xp 00000000 00:00 0                          [vdso]
ffffffffff600000-ffffffffff601000 --xp 00000000 00:00 0                  [vsyscall]
Total number of mappings: 277


VM Arguments:
jvm_args: -javaagent:/home/nayere/.local/share/JetBrains/Toolbox/apps/intellij-idea-community-edition/lib/idea_rt.jar=38107 -Dfile.encoding=UTF-8 -Dsun.stdout.encoding=UTF-8 -Dsun.stderr.encoding=UTF-8 
java_command: com.becky.movies.MoviesApplication
java_class_path (initial): /home/nayere/Downloads/movies/target/classes:/home/nayere/.m2/repository/org/springframework/boot/spring-boot-starter-data-mongodb/3.4.3/spring-boot-starter-data-mongodb-3.4.3.jar:/home/nayere/.m2/repository/org/springframework/boot/spring-boot-starter/3.4.3/spring-boot-starter-3.4.3.jar:/home/nayere/.m2/repository/org/springframework/boot/spring-boot-starter-logging/3.4.3/spring-boot-starter-logging-3.4.3.jar:/home/nayere/.m2/repository/ch/qos/logback/logback-classic/1.5.16/logback-classic-1.5.16.jar:/home/nayere/.m2/repository/ch/qos/logback/logback-core/1.5.16/logback-core-1.5.16.jar:/home/nayere/.m2/repository/org/apache/logging/log4j/log4j-to-slf4j/2.24.3/log4j-to-slf4j-2.24.3.jar:/home/nayere/.m2/repository/org/apache/logging/log4j/log4j-api/2.24.3/log4j-api-2.24.3.jar:/home/nayere/.m2/repository/org/slf4j/jul-to-slf4j/2.0.16/jul-to-slf4j-2.0.16.jar:/home/nayere/.m2/repository/jakarta/annotation/jakarta.annotation-api/2.1.1/jakarta.annotation-api-2.1.1.jar:/home/nayere/.m2/repository/org/yaml/snakeyaml/2.3/snakeyaml-2.3.jar:/home/nayere/.m2/repository/org/mongodb/mongodb-driver-sync/5.2.1/mongodb-driver-sync-5.2.1.jar:/home/nayere/.m2/repository/org/mongodb/bson/5.2.1/bson-5.2.1.jar:/home/nayere/.m2/repository/org/mongodb/mongodb-driver-core/5.2.1/mongodb-driver-core-5.2.1.jar:/home/nayere/.m2/repository/org/mongodb/bson-record-codec/5.2.1/bson-record-codec-5.2.1.jar:/home/nayere/.m2/repository/org/springframework/data/spring-data-mongodb/4.4.3/spring-data-mongodb-4.4.3.jar:/home/nayere/.m2/repository/org/springframework/spring-tx/6.2.3/spring-tx-6.2.3.jar:/home/nayere/.m2/repository/org/springframework/spring-context/6.2.3/spring-context-6.2.3.jar:/home/nayere/.m2/repository/org/springframework/spring-beans/6.2.3/spring-beans-6.2.3.jar:/home/nayere/.m2/repository/org/springframework/spring-expression/6.2.3/spring-expression-6.2.3.jar:/home/nayere/.m2/repository/org/springframework/data/spring-data-commons/3.4.3/spring-data-commons-3.4.3.jar:/home/nayere/.m2/repository/org/slf4j/slf4j-api/2.0.16/slf4j-api-2.0.16.jar:/home/nayere/.m2/repository/org/springframework/boot/spring-boot-starter-web/3.4.3/spring-boot-starter-web-3.4.3.jar:/home/nayere/.m2/repository/org/springframework/boot/spring-boot-starter-json/3.4.3/spring-boot-starter-json-3.4.3.jar:/home/nayere/.m2/repository/com/fasterxml/jackson/core/jackson-databind/2.18.2/jackson-databind-2.18.2.jar:/home/nayere/.m2/repository/com/fasterxml/jackson/core/jackson-annotations/2.18.2/jackson-annotations-2.18.2.jar:/home/nayere/.m2/repository/com/fasterxml/jackson/core/jackson-core/2.18.2/jackson-core-2.18.2.jar:/home/nayere/.m2/repository/com/fasterxml/jackson/datatype/jackson-datatype-jdk8/2.18.2/jackson-datatype-jdk8-2.18.2.jar:/home/nayere/.m2/repository/com/fasterxml/jackson/datatype/jackson-datatype-jsr310/2.18.2/jackson-datatype-jsr310-2.18.2.jar:/home/nayere/.m2/repository/com/fasterxml/jackson/module/jackson-module-parameter-names/2.18.2/jackson-module-parameter-names-2.18.2.jar:/home/nayere/.m2/repository/org/springframework/boot/spring-boot-starter-tomcat/3.4.3/spring-boot-starter-tomcat-3.4.3.jar:/home/nayere/.m2/repository/org/apache/tomcat/embed/tomcat-embed-core/10.1.36/tomcat-embed-core-10.1.36.jar:/home/nayere/.m2/repository/org/apache/tomcat/embed/tomcat-embed-el/10.1.36/tomcat-embed-el-10.1.36.jar:/home/nayere/.m2/repository/org/apache/tomcat/embed/tomcat-embed-websocket/10.1.36/tomcat-embed-websocket-10.1.36.jar:/home/nayere/.m2/repository/org/springframework/spring-web/6.2.3/spring-web-6.2.3.jar:/home/nayere/.m2/repository/io/micrometer/micrometer-observation/1.14.4/micrometer-observation-1.14.4.jar:/home/nayere/.m2/repository/io/micrometer/micrometer-commons/1.14.4/micrometer-commons-1.14.4.jar:/home/nayere/.m2/repository/org/springframework/spring-webmvc/6.2.3/spring-webmvc-6.2.3.jar:/home/nayere/.m2/repository/org/springframework/spring-aop/6.2.3/spring-aop-6.2.3.jar:/home/nayere/.m2/repository/org/springframework/boot/spring-boot-devtools/3.4.3/spring-boot-devtools-3.4.3.jar:/home/nayere/.m2/repository/org/springframework/boot/spring-boot/3.4.3/spring-boot-3.4.3.jar:/home/nayere/.m2/repository/org/springframework/boot/spring-boot-autoconfigure/3.4.3/spring-boot-autoconfigure-3.4.3.jar:/home/nayere/.m2/repository/org/projectlombok/lombok/1.18.36/lombok-1.18.36.jar:/home/nayere/.m2/repository/org/springframework/spring-core/6.2.3/spring-core-6.2.3.jar:/home/nayere/.m2/repository/org/springframework/spring-jcl/6.2.3/spring-jcl-6.2.3.jar
Launcher Type: SUN_STANDARD

[Global flags]
     intx CICompilerCount                          = 3                                         {product} {ergonomic}
     uint ConcGCThreads                            = 1                                         {product} {ergonomic}
     uint G1ConcRefinementThreads                  = 4                                         {product} {ergonomic}
   size_t G1HeapRegionSize                         = 1048576                                   {product} {ergonomic}
   size_t InitialHeapSize                          = 130023424                                 {product} {ergonomic}
   size_t MarkStackSize                            = 4194304                                   {product} {ergonomic}
   size_t MarkStackSizeMax                         = 536870912                                 {product} {ergonomic}
   size_t MaxHeapSize                              = 2053111808                                {product} {ergonomic}
   size_t MaxNewSize                               = 1231028224                                {product} {ergonomic}
   size_t MinHeapDeltaBytes                        = 1048576                                   {product} {ergonomic}
   size_t MinHeapSize                              = 8388608                                   {product} {ergonomic}
    uintx NonNMethodCodeHeapSize                   = 5832704                                {pd product} {ergonomic}
    uintx NonProfiledCodeHeapSize                  = 122916864                              {pd product} {ergonomic}
    uintx ProfiledCodeHeapSize                     = 122908672                              {pd product} {ergonomic}
    uintx ReservedCodeCacheSize                    = 251658240                              {pd product} {ergonomic}
     bool SegmentedCodeCache                       = true                                      {product} {ergonomic}
   size_t SoftMaxHeapSize                          = 2053111808                             {manageable} {ergonomic}
     bool UseCompressedOops                        = true                           {product lp64_product} {ergonomic}
     bool UseG1GC                                  = true                                      {product} {ergonomic}

Logging:
Log output configuration:
 #0: stdout all=warning uptime,level,tags foldmultilines=false
 #1: stderr all=off uptime,level,tags foldmultilines=false

Environment Variables:
PATH=/home/nayere/.local/bin:/usr/local/sbin:/usr/local/bin:/usr/sbin:/usr/bin:/sbin:/bin:/usr/games:/usr/local/games:/snap/bin:/snap/bin:/home/nayere/.local/share/JetBrains/Toolbox/scripts
USERNAME=nayere
SHELL=/bin/bash
DISPLAY=:1
LANG=en_US.UTF-8
LC_NUMERIC=sw_KE
LC_TIME=sw_KE

Active Locale:
LC_ALL=LC_CTYPE=en_US.UTF-8;LC_NUMERIC=sw_KE;LC_TIME=sw_KE;LC_COLLATE=en_US.UTF-8;LC_MONETARY=sw_KE;LC_MESSAGES=en_US.UTF-8;LC_PAPER=sw_KE;LC_NAME=sw_KE;LC_ADDRESS=sw_KE;LC_TELEPHONE=sw_KE;LC_MEASUREMENT=sw_KE;LC_IDENTIFICATION=sw_KE
LC_COLLATE=en_US.UTF-8
LC_CTYPE=en_US.UTF-8
LC_MESSAGES=en_US.UTF-8
LC_MONETARY=sw_KE
LC_NUMERIC=sw_KE
LC_TIME=sw_KE

Signal Handlers:
   SIGSEGV: crash_handler in libjvm.so, mask=11100100010111111101111111111110, flags=SA_RESTART|SA_SIGINFO, unblocked
    SIGBUS: crash_handler in libjvm.so, mask=11100100010111111101111111111110, flags=SA_RESTART|SA_SIGINFO, unblocked
    SIGFPE: crash_handler in libjvm.so, mask=11100100010111111101111111111110, flags=SA_RESTART|SA_SIGINFO, unblocked
   SIGPIPE: javaSignalHandler in libjvm.so, mask=11100100010111111101111111111110, flags=SA_RESTART|SA_SIGINFO, blocked
   SIGXFSZ: javaSignalHandler in libjvm.so, mask=11100100010111111101111111111110, flags=SA_RESTART|SA_SIGINFO, blocked
    SIGILL: crash_handler in libjvm.so, mask=11100100010111111101111111111110, flags=SA_RESTART|SA_SIGINFO, unblocked
   SIGUSR2: SR_handler in libjvm.so, mask=00000000000000000000000000000000, flags=SA_RESTART|SA_SIGINFO, blocked
    SIGHUP: UserHandler in libjvm.so, mask=11100100010111111101111111111110, flags=SA_RESTART|SA_SIGINFO, blocked
    SIGINT: UserHandler in libjvm.so, mask=11100100010111111101111111111110, flags=SA_RESTART|SA_SIGINFO, blocked
   SIGTERM: UserHandler in libjvm.so, mask=11100100010111111101111111111110, flags=SA_RESTART|SA_SIGINFO, blocked
   SIGQUIT: UserHandler in libjvm.so, mask=11100100010111111101111111111110, flags=SA_RESTART|SA_SIGINFO, blocked
   SIGTRAP: crash_handler in libjvm.so, mask=11100100010111111101111111111110, flags=SA_RESTART|SA_SIGINFO, unblocked


Periodic native trim disabled

---------------  S Y S T E M  ---------------

OS:
DISTRIB_ID=Ubuntu
DISTRIB_RELEASE=22.04
DISTRIB_CODENAME=jammy
DISTRIB_DESCRIPTION="Ubuntu 22.04.5 LTS"
uname: Linux 6.8.0-52-generic #53~22.04.1-Ubuntu SMP PREEMPT_DYNAMIC Wed Jan 15 19:18:46 UTC 2 x86_64
OS uptime: 1 days 2:03 hours
libc: glibc 2.35 NPTL 2.35 
rlimit (soft/hard): STACK 8192k/infinity , CORE 0k/infinity , NPROC 31015/31015 , NOFILE 1048576/1048576 , AS infinity/infinity , CPU infinity/infinity , DATA infinity/infinity , FSIZE infinity/infinity , MEMLOCK 1002416k/1002416k
load average: 12.33 16.00 12.49

/proc/meminfo:
MemTotal:        8019352 kB
MemFree:         2295864 kB
MemAvailable:    2804708 kB
Buffers:           17380 kB
Cached:           929652 kB
SwapCached:            0 kB
Active:          2333160 kB
Inactive:        2666760 kB
Active(anon):    1864936 kB
Inactive(anon):  2461480 kB
Active(file):     468224 kB
Inactive(file):   205280 kB
Unevictable:      241536 kB
Mlocked:              64 kB
SwapTotal:             0 kB
SwapFree:              0 kB
Zswap:                 0 kB
Zswapped:              0 kB
Dirty:              1812 kB
Writeback:             4 kB
AnonPages:       4294388 kB
Mapped:           395128 kB
Shmem:            273528 kB
KReclaimable:     108296 kB
Slab:             307216 kB
SReclaimable:     108296 kB
SUnreclaim:       198920 kB
KernelStack:       16640 kB
PageTables:        46768 kB
SecPageTables:         0 kB
NFS_Unstable:          0 kB
Bounce:                0 kB
WritebackTmp:          0 kB
CommitLimit:     4009676 kB
Committed_AS:   15102504 kB
VmallocTotal:   34359738367 kB
VmallocUsed:       49368 kB
VmallocChunk:          0 kB
Percpu:             4048 kB
HardwareCorrupted:     0 kB
AnonHugePages:         0 kB
ShmemHugePages:   169984 kB
ShmemPmdMapped:        0 kB
FileHugePages:         0 kB
FilePmdMapped:         0 kB
Unaccepted:            0 kB
HugePages_Total:       0
HugePages_Free:        0
HugePages_Rsvd:        0
HugePages_Surp:        0
Hugepagesize:       2048 kB
Hugetlb:               0 kB
DirectMap4k:      175720 kB
DirectMap2M:     4956160 kB
DirectMap1G:     3145728 kB

/sys/kernel/mm/transparent_hugepage/enabled: always [madvise] never
/sys/kernel/mm/transparent_hugepage/hpage_pmd_size: 2097152
/sys/kernel/mm/transparent_hugepage/shmem_enabled: always within_size advise [never] deny force
/sys/kernel/mm/transparent_hugepage/defrag (defrag/compaction efforts parameter): always defer defer+madvise [madvise] never

Process Memory:
Virtual Size: 5502820K (peak: 5568356K)
Resident Set Size: 194620K (peak: 194620K) (anon: 169660K, file: 24960K, shmem: 0K)
Swapped out: 0K
C-Heap outstanding allocations: 70292K, retained: 14783K
glibc malloc tunables: (default)

/proc/sys/kernel/threads-max (system-wide limit on the number of threads): 62031
/proc/sys/vm/max_map_count (maximum number of memory map areas a process may have): 65530
/proc/sys/vm/swappiness (control to define how aggressively the kernel swaps out anonymous memory): 60
/proc/sys/kernel/pid_max (system-wide limit on number of process identifiers): 4194304

container (cgroup) information:
container_type: cgroupv2
cpu_cpuset_cpus: not supported
cpu_memory_nodes: not supported
active_processor_count: 4
cpu_quota: not supported
cpu_period: not supported
cpu_shares: not supported
memory_limit_in_bytes: unlimited
memory_and_swap_limit_in_bytes: unlimited
memory_soft_limit_in_bytes: 0
memory_usage_in_bytes: 2304592 k
memory_max_usage_in_bytes: not supported
rss_usage_in_bytes: 2146064 k
cache_usage_in_bytes: 139096 k
memory_swap_current_in_bytes: 0
memory_swap_max_limit_in_bytes: unlimited
maximum number of tasks: 9304
current number of tasks: 212

Steal ticks since vm start: 0
Steal ticks percentage since vm start:  0.000

CPU: total 4 (initial active 4) (2 cores per cpu, 2 threads per core) family 6 model 142 stepping 9 microcode 0xf6, cx8, cmov, fxsr, ht, mmx, 3dnowpref, sse, sse2, sse3, ssse3, sse4.1, sse4.2, popcnt, lzcnt, tsc, tscinvbit, avx, avx2, aes, erms, clmul, bmi1, bmi2, adx, fma, vzeroupper, clflush, clflushopt, rdtscp, f16c
CPU Model and flags from /proc/cpuinfo:
model name	: Intel(R) Core(TM) i7-7500U CPU @ 2.70GHz
flags		: fpu vme de pse tsc msr pae mce cx8 apic sep mtrr pge mca cmov pat pse36 clflush dts acpi mmx fxsr sse sse2 ss ht tm pbe syscall nx pdpe1gb rdtscp lm constant_tsc art arch_perfmon pebs bts rep_good nopl xtopology nonstop_tsc cpuid aperfmperf pni pclmulqdq dtes64 monitor ds_cpl vmx est tm2 ssse3 sdbg fma cx16 xtpr pdcm pcid sse4_1 sse4_2 x2apic movbe popcnt tsc_deadline_timer aes xsave avx f16c rdrand lahf_lm abm 3dnowprefetch cpuid_fault epb pti ssbd ibrs ibpb stibp tpr_shadow flexpriority ept vpid ept_ad fsgsbase tsc_adjust bmi1 avx2 smep bmi2 erms invpcid mpx rdseed adx smap clflushopt intel_pt xsaveopt xsavec xgetbv1 xsaves dtherm ida arat pln pts hwp hwp_notify hwp_act_window hwp_epp vnmi md_clear flush_l1d arch_capabilities

Online cpus: 0-3
Offline cpus: 
BIOS frequency limitation: <Not Available>
Frequency switch latency (ns): 0
Available cpu frequencies: <Not Available>
Current governor: powersave
Core performance/turbo boost: <Not Available>

Memory: 4k page, physical 8019352k(2804880k free), swap 0k(0k free)
Page Sizes: 4k

vm_info: Java HotSpot(TM) 64-Bit Server VM (23.0.2+7-58) for linux-amd64 JRE (23.0.2+7-58), built on 2024-11-29T09:34:55Z with gcc 13.2.0

END.
